DEBUG - 2011-11-17 16:04:53 --> SHIN_Templater run is "shinfw"
DEBUG - 2011-11-17 16:04:53 --> [CORE] Try load config file: D:\Work\web\shinframework\shinfw\config\router.php
DEBUG - 2011-11-17 16:04:53 --> URI Class Initialized
DEBUG - 2011-11-17 16:04:53 --> [CORE] Try load config file: D:\Work\web\shinframework\shinfw\config\router.php
DEBUG - 2011-11-17 16:04:53 --> [ROUTER] Try route class: D:\Work\web\shinframework\default\app\StartController.php
DEBUG - 2011-11-17 16:04:53 --> Router Class Initialized.
DEBUG - 2011-11-17 16:04:53 --> [CORE] Try load config file: D:\Work\web\shinframework\shinfw\config\auth.php
DEBUG - 2011-11-17 16:04:53 --> [CORE] Try load config file: D:\Work\web\shinframework\shinfw\config\seo.php
DEBUG - 2011-11-17 16:04:53 --> Session Class Initialized
DEBUG - 2011-11-17 16:04:53 --> [CORE] Try load config file: D:\Work\web\shinframework\shinfw\config\session.php
DEBUG - 2011-11-17 16:04:53 --> Session routines successfully run
DEBUG - 2011-11-17 16:04:53 --> SHIN_Controller class initialized
DEBUG - 2011-11-17 16:04:53 --> [CORE] Try load config file: D:\Work\web\shinframework\shinfw\config\ddmenu.php
DEBUG - 2011-11-17 16:04:53 --> [QUERY] "delete from sys_session where updated < '2011-11-17 14:04:53'"
DEBUG - 2011-11-17 16:04:53 --> [QUERY] Time run: 0.038714 seconds.
DEBUG - 2011-11-17 16:04:53 --> 
DEBUG - 2011-11-17 16:04:53 --> [QUERY] "SELECT * FROM (`sys_session`) WHERE `id` = '6922938eefd2e96de6f66d9f0b51df69'"
DEBUG - 2011-11-17 16:04:53 --> [QUERY] Time run: 0.001641 seconds.
DEBUG - 2011-11-17 16:04:53 --> 
DEBUG - 2011-11-17 16:04:53 --> [QUERY] "UPDATE `sys_session` SET `uid` = '', `updated` = '2011-11-17 16:04:53' WHERE `id` = '6922938eefd2e96de6f66d9f0b51df69'"
DEBUG - 2011-11-17 16:04:53 --> [QUERY] Time run: 0.001538 seconds.
DEBUG - 2011-11-17 16:04:53 --> 
DEBUG - 2011-11-17 16:04:53 --> SHIN_Core loaded successfull.
DEBUG - 2011-11-17 16:04:54 --> [CORE] Try load config file: D:\Work\web\shinframework\shinfw\config\message.php
DEBUG - 2011-11-17 16:04:54 --> [SMARTY] Try processed file: D:\Work\web\shinframework\shinfw\views\login.tpl
