DEBUG - 2011-08-28 16:29:57 --> SHIN_Templater run is "shinfw"
DEBUG - 2011-08-28 16:29:57 --> [CORE] Try load config file: D:\Work\web\shinframework\shinfw\config\router.php
DEBUG - 2011-08-28 16:29:57 --> URI Class Initialized
DEBUG - 2011-08-28 16:29:57 --> [CORE] Try load config file: D:\Work\web\shinframework\shinfw\config\router.php
DEBUG - 2011-08-28 16:29:57 --> [ROUTER] Try route class: D:\Work\web\shinframework\default\app\StartController.php
DEBUG - 2011-08-28 16:29:57 --> Router Class Initialized.
DEBUG - 2011-08-28 16:29:58 --> [CORE] Try load config file: D:\Work\web\shinframework\shinfw\config\auth.php
DEBUG - 2011-08-28 16:29:58 --> [CORE] Try load config file: D:\Work\web\shinframework\shinfw\config\seo.php
DEBUG - 2011-08-28 16:29:58 --> Session Class Initialized
DEBUG - 2011-08-28 16:29:58 --> [CORE] Try load config file: D:\Work\web\shinframework\shinfw\config\session.php
DEBUG - 2011-08-28 16:29:58 --> Session routines successfully run
DEBUG - 2011-08-28 16:29:58 --> SHIN_Controller class initialized
DEBUG - 2011-08-28 16:29:58 --> [CORE] Try load config file: D:\Work\web\shinframework\shinfw\config\ddmenu.php
DEBUG - 2011-08-28 16:29:58 --> [QUERY] "delete from sys_session where updated < '2011-08-28 14:29:58'"
DEBUG - 2011-08-28 16:29:59 --> [QUERY] Time run: 0.371838 seconds.
DEBUG - 2011-08-28 16:29:59 --> 
DEBUG - 2011-08-28 16:29:59 --> [QUERY] "SELECT * FROM (`sys_session`) WHERE `id` = '448847565eedf3ce44fc0be039d40f5b'"
DEBUG - 2011-08-28 16:29:59 --> [QUERY] Time run: 0.051460 seconds.
DEBUG - 2011-08-28 16:29:59 --> 
DEBUG - 2011-08-28 16:29:59 --> [QUERY] "UPDATE `sys_session` SET `uid` = '', `updated` = '2011-08-28 16:29:59' WHERE `id` = '448847565eedf3ce44fc0be039d40f5b'"
DEBUG - 2011-08-28 16:29:59 --> [QUERY] Time run: 0.061851 seconds.
DEBUG - 2011-08-28 16:29:59 --> 
DEBUG - 2011-08-28 16:29:59 --> SHIN_Core loaded successfull.
DEBUG - 2011-08-28 16:29:59 --> [CORE] Try load config file: D:\Work\web\shinframework\shinfw\config\message.php
DEBUG - 2011-08-28 16:29:59 --> [SMARTY] Try processed file: D:\Work\web\shinframework\shinfw\views\login.tpl
