DEBUG - 2011-11-29 07:30:20 --> SHIN_Templater run is "shinfw"
DEBUG - 2011-11-29 07:30:20 --> [CORE] Try load config file: D:\Work\web\shinframework\shinfw\config\router.php
DEBUG - 2011-11-29 07:30:20 --> URI Class Initialized
DEBUG - 2011-11-29 07:30:20 --> [CORE] Try load config file: D:\Work\web\shinframework\shinfw\config\router.php
DEBUG - 2011-11-29 07:30:20 --> [ROUTER] Try route class: D:\Work\web\shinframework\default\app\StartController.php
DEBUG - 2011-11-29 07:30:20 --> Router Class Initialized.
DEBUG - 2011-11-29 07:30:20 --> [CORE] Try load config file: D:\Work\web\shinframework\shinfw\config\auth.php
DEBUG - 2011-11-29 07:30:20 --> [CORE] Try load config file: D:\Work\web\shinframework\shinfw\config\seo.php
DEBUG - 2011-11-29 07:30:21 --> Session Class Initialized
DEBUG - 2011-11-29 07:30:21 --> [CORE] Try load config file: D:\Work\web\shinframework\shinfw\config\session.php
DEBUG - 2011-11-29 07:30:21 --> Session routines successfully run
DEBUG - 2011-11-29 07:30:21 --> SHIN_Controller class initialized
DEBUG - 2011-11-29 07:30:21 --> [CORE] Try load config file: D:\Work\web\shinframework\shinfw\config\ddmenu.php
DEBUG - 2011-11-29 07:30:21 --> [QUERY] "delete from sys_session where updated < '2011-11-29 05:30:21'"
DEBUG - 2011-11-29 07:30:21 --> [QUERY] Time run: 0.225552 seconds.
DEBUG - 2011-11-29 07:30:21 --> 
DEBUG - 2011-11-29 07:30:21 --> [QUERY] "SELECT * FROM (`sys_session`) WHERE `id` = '8fe8649310043aeb8c451f89bf4c2f0b'"
DEBUG - 2011-11-29 07:30:21 --> [QUERY] Time run: 0.002930 seconds.
DEBUG - 2011-11-29 07:30:21 --> 
DEBUG - 2011-11-29 07:30:21 --> [QUERY] "UPDATE `sys_session` SET `uid` = '', `updated` = '2011-11-29 07:30:21' WHERE `id` = '8fe8649310043aeb8c451f89bf4c2f0b'"
DEBUG - 2011-11-29 07:30:21 --> [QUERY] Time run: 0.001712 seconds.
DEBUG - 2011-11-29 07:30:21 --> 
DEBUG - 2011-11-29 07:30:21 --> SHIN_Core loaded successfull.
DEBUG - 2011-11-29 07:30:21 --> [CORE] Try load config file: D:\Work\web\shinframework\shinfw\config\message.php
DEBUG - 2011-11-29 07:30:21 --> [SMARTY] Try processed file: D:\Work\web\shinframework\shinfw\views\login.tpl
