DEBUG - 2012-02-23 11:37:49 --> SHIN_Templater run is "shinfw"
DEBUG - 2012-02-23 11:37:49 --> [CORE] Try load config file: D:\Work\web\shinframework\shinfw\config\router.php
DEBUG - 2012-02-23 11:37:49 --> URI Class Initialized
DEBUG - 2012-02-23 11:37:49 --> [CORE] Try load config file: D:\Work\web\shinframework\shinfw\config\router.php
DEBUG - 2012-02-23 11:37:49 --> [ROUTER] Try route class: D:\Work\web\shinframework\default\app\StartController.php
DEBUG - 2012-02-23 11:37:49 --> Router Class Initialized.
DEBUG - 2012-02-23 11:37:49 --> [CORE] Try load config file: D:\Work\web\shinframework\shinfw\config\auth.php
DEBUG - 2012-02-23 11:37:49 --> [CORE] Try load config file: D:\Work\web\shinframework\shinfw\config\seo.php
DEBUG - 2012-02-23 11:37:50 --> Session Class Initialized
DEBUG - 2012-02-23 11:37:50 --> [CORE] Try load config file: D:\Work\web\shinframework\shinfw\config\session.php
DEBUG - 2012-02-23 11:37:50 --> Session routines successfully run
DEBUG - 2012-02-23 11:37:50 --> SHIN_Controller class initialized
DEBUG - 2012-02-23 11:37:50 --> [CORE] Try load config file: D:\Work\web\shinframework\shinfw\config\ddmenu.php
DEBUG - 2012-02-23 11:37:50 --> [QUERY] "delete from sys_session where updated < '2012-02-23 09:37:50'"
DEBUG - 2012-02-23 11:37:50 --> [QUERY] Time run: 0.189747 seconds.
DEBUG - 2012-02-23 11:37:50 --> 
DEBUG - 2012-02-23 11:37:50 --> [QUERY] "SELECT * FROM (`sys_session`) WHERE `id` = 'bf6bca1ac7e120db21344cd3df5bd7f9'"
DEBUG - 2012-02-23 11:37:50 --> [QUERY] Time run: 0.015288 seconds.
DEBUG - 2012-02-23 11:37:50 --> 
DEBUG - 2012-02-23 11:37:50 --> [QUERY] "UPDATE `sys_session` SET `uid` = '', `updated` = '2012-02-23 11:37:50' WHERE `id` = 'bf6bca1ac7e120db21344cd3df5bd7f9'"
DEBUG - 2012-02-23 11:37:50 --> [QUERY] Time run: 0.007206 seconds.
DEBUG - 2012-02-23 11:37:50 --> 
DEBUG - 2012-02-23 11:37:50 --> SHIN_Core loaded successfull.
DEBUG - 2012-02-23 11:37:50 --> [CORE] Try load config file: D:\Work\web\shinframework\shinfw\config\message.php
DEBUG - 2012-02-23 11:37:50 --> [SMARTY] Try processed file: D:\Work\web\shinframework\shinfw\views\login.tpl
DEBUG - 2012-02-23 11:37:51 --> [QUERY] "EXPLAIN SELECT * FROM (`sys_session`) WHERE `id` = 'bf6bca1ac7e120db21344cd3df5bd7f9'"
DEBUG - 2012-02-23 11:37:51 --> [QUERY] Time run: 0.001216 seconds.
DEBUG - 2012-02-23 11:37:51 --> 
