DEBUG - 2011-10-10 07:45:06 --> SHIN_Templater run is "shinfw"
DEBUG - 2011-10-10 07:45:06 --> [CORE] Try load config file: D:\Work\web\shinframework\shinfw\config\router.php
DEBUG - 2011-10-10 07:45:06 --> URI Class Initialized
DEBUG - 2011-10-10 07:45:06 --> [CORE] Try load config file: D:\Work\web\shinframework\shinfw\config\router.php
DEBUG - 2011-10-10 07:45:06 --> [ROUTER] Try route class: D:\Work\web\shinframework\default\app\StartController.php
DEBUG - 2011-10-10 07:45:06 --> Router Class Initialized.
DEBUG - 2011-10-10 07:45:06 --> [CORE] Try load config file: D:\Work\web\shinframework\shinfw\config\auth.php
DEBUG - 2011-10-10 07:45:06 --> [CORE] Try load config file: D:\Work\web\shinframework\shinfw\config\seo.php
DEBUG - 2011-10-10 07:45:06 --> Session Class Initialized
DEBUG - 2011-10-10 07:45:06 --> [CORE] Try load config file: D:\Work\web\shinframework\shinfw\config\session.php
DEBUG - 2011-10-10 07:45:06 --> Session routines successfully run
DEBUG - 2011-10-10 07:45:06 --> SHIN_Controller class initialized
DEBUG - 2011-10-10 07:45:06 --> [CORE] Try load config file: D:\Work\web\shinframework\shinfw\config\ddmenu.php
DEBUG - 2011-10-10 07:45:07 --> [QUERY] "delete from sys_session where updated < '2011-10-10 05:45:07'"
DEBUG - 2011-10-10 07:45:07 --> [QUERY] Time run: 0.315618 seconds.
DEBUG - 2011-10-10 07:45:07 --> 
DEBUG - 2011-10-10 07:45:07 --> [QUERY] "SELECT * FROM (`sys_session`) WHERE `id` = 'e4b588efa32b7de8f645bdf8707ae813'"
DEBUG - 2011-10-10 07:45:07 --> [QUERY] Time run: 0.001684 seconds.
DEBUG - 2011-10-10 07:45:07 --> 
DEBUG - 2011-10-10 07:45:07 --> [QUERY] "UPDATE `sys_session` SET `uid` = '', `updated` = '2011-10-10 07:45:07' WHERE `id` = 'e4b588efa32b7de8f645bdf8707ae813'"
DEBUG - 2011-10-10 07:45:07 --> [QUERY] Time run: 0.001589 seconds.
DEBUG - 2011-10-10 07:45:07 --> 
DEBUG - 2011-10-10 07:45:07 --> SHIN_Core loaded successfull.
DEBUG - 2011-10-10 07:45:07 --> [CORE] Try load config file: D:\Work\web\shinframework\shinfw\config\message.php
DEBUG - 2011-10-10 07:45:07 --> [SMARTY] Try processed file: D:\Work\web\shinframework\shinfw\views\login.tpl
