DEBUG - 2012-01-13 07:34:51 --> SHIN_Templater run is "shinfw"
DEBUG - 2012-01-13 07:34:51 --> [CORE] Try load config file: D:\Work\web\shinframework\shinfw\config\router.php
DEBUG - 2012-01-13 07:34:51 --> URI Class Initialized
DEBUG - 2012-01-13 07:34:51 --> [CORE] Try load config file: D:\Work\web\shinframework\shinfw\config\router.php
DEBUG - 2012-01-13 07:34:51 --> [ROUTER] Try route class: D:\Work\web\shinframework\default\app\StartController.php
DEBUG - 2012-01-13 07:34:51 --> Router Class Initialized.
DEBUG - 2012-01-13 07:34:51 --> [CORE] Try load config file: D:\Work\web\shinframework\shinfw\config\auth.php
DEBUG - 2012-01-13 07:34:51 --> [CORE] Try load config file: D:\Work\web\shinframework\shinfw\config\seo.php
DEBUG - 2012-01-13 07:34:51 --> Session Class Initialized
DEBUG - 2012-01-13 07:34:51 --> [CORE] Try load config file: D:\Work\web\shinframework\shinfw\config\session.php
DEBUG - 2012-01-13 07:34:51 --> Session routines successfully run
DEBUG - 2012-01-13 07:34:51 --> SHIN_Controller class initialized
DEBUG - 2012-01-13 07:34:51 --> [CORE] Try load config file: D:\Work\web\shinframework\shinfw\config\ddmenu.php
DEBUG - 2012-01-13 07:34:51 --> [QUERY] "delete from sys_session where updated < '2012-01-13 05:34:51'"
DEBUG - 2012-01-13 07:34:51 --> [QUERY] Time run: 0.149107 seconds.
DEBUG - 2012-01-13 07:34:51 --> 
DEBUG - 2012-01-13 07:34:51 --> [QUERY] "SELECT * FROM (`sys_session`) WHERE `id` = '47b5becc5ae261eb8aa6f49a229e8626'"
DEBUG - 2012-01-13 07:34:51 --> [QUERY] Time run: 0.002696 seconds.
DEBUG - 2012-01-13 07:34:51 --> 
DEBUG - 2012-01-13 07:34:51 --> [QUERY] "UPDATE `sys_session` SET `uid` = '', `updated` = '2012-01-13 07:34:51' WHERE `id` = '47b5becc5ae261eb8aa6f49a229e8626'"
DEBUG - 2012-01-13 07:34:51 --> [QUERY] Time run: 0.001220 seconds.
DEBUG - 2012-01-13 07:34:51 --> 
DEBUG - 2012-01-13 07:34:51 --> SHIN_Core loaded successfull.
DEBUG - 2012-01-13 07:34:51 --> [CORE] Try load config file: D:\Work\web\shinframework\shinfw\config\message.php
DEBUG - 2012-01-13 07:34:52 --> [SMARTY] Try processed file: D:\Work\web\shinframework\shinfw\views\login.tpl
