DEBUG - 2011-12-11 17:46:58 --> SHIN_Templater run is "shinfw"
DEBUG - 2011-12-11 17:46:58 --> [CORE] Try load config file: D:\Work\web\shinframework\shinfw\config\router.php
DEBUG - 2011-12-11 17:46:58 --> URI Class Initialized
DEBUG - 2011-12-11 17:46:58 --> [CORE] Try load config file: D:\Work\web\shinframework\shinfw\config\router.php
DEBUG - 2011-12-11 17:46:58 --> [ROUTER] Try route class: D:\Work\web\shinframework\default\app\StartController.php
DEBUG - 2011-12-11 17:46:58 --> Router Class Initialized.
DEBUG - 2011-12-11 17:46:58 --> [CORE] Try load config file: D:\Work\web\shinframework\shinfw\config\auth.php
DEBUG - 2011-12-11 17:46:59 --> [CORE] Try load config file: D:\Work\web\shinframework\shinfw\config\seo.php
DEBUG - 2011-12-11 17:46:59 --> Session Class Initialized
DEBUG - 2011-12-11 17:46:59 --> [CORE] Try load config file: D:\Work\web\shinframework\shinfw\config\session.php
DEBUG - 2011-12-11 17:46:59 --> Session routines successfully run
DEBUG - 2011-12-11 17:46:59 --> SHIN_Controller class initialized
DEBUG - 2011-12-11 17:46:59 --> [CORE] Try load config file: D:\Work\web\shinframework\shinfw\config\ddmenu.php
DEBUG - 2011-12-11 17:46:59 --> [QUERY] "delete from sys_session where updated < '2011-12-11 15:46:59'"
DEBUG - 2011-12-11 17:46:59 --> [QUERY] Time run: 0.224743 seconds.
DEBUG - 2011-12-11 17:46:59 --> 
DEBUG - 2011-12-11 17:46:59 --> [QUERY] "SELECT * FROM (`sys_session`) WHERE `id` = '49e7811eab4fc6f817f9b74a9b59fc4c'"
DEBUG - 2011-12-11 17:46:59 --> [QUERY] Time run: 0.008021 seconds.
DEBUG - 2011-12-11 17:46:59 --> 
DEBUG - 2011-12-11 17:46:59 --> [QUERY] "UPDATE `sys_session` SET `uid` = '', `updated` = '2011-12-11 17:46:59' WHERE `id` = '49e7811eab4fc6f817f9b74a9b59fc4c'"
DEBUG - 2011-12-11 17:46:59 --> [QUERY] Time run: 0.001692 seconds.
DEBUG - 2011-12-11 17:46:59 --> 
DEBUG - 2011-12-11 17:46:59 --> SHIN_Core loaded successfull.
DEBUG - 2011-12-11 17:46:59 --> [CORE] Try load config file: D:\Work\web\shinframework\shinfw\config\message.php
DEBUG - 2011-12-11 17:46:59 --> [SMARTY] Try processed file: D:\Work\web\shinframework\shinfw\views\login.tpl
