DEBUG - 2011-09-14 07:05:52 --> SHIN_Templater run is "shinfw"
DEBUG - 2011-09-14 07:05:52 --> [CORE] Try load config file: D:\Work\web\shinframework\shinfw\config\router.php
DEBUG - 2011-09-14 07:05:52 --> URI Class Initialized
DEBUG - 2011-09-14 07:05:52 --> [CORE] Try load config file: D:\Work\web\shinframework\shinfw\config\router.php
DEBUG - 2011-09-14 07:05:52 --> [ROUTER] Try route class: D:\Work\web\shinframework\default\app\StartController.php
DEBUG - 2011-09-14 07:05:52 --> Router Class Initialized.
DEBUG - 2011-09-14 07:05:52 --> [CORE] Try load config file: D:\Work\web\shinframework\shinfw\config\auth.php
DEBUG - 2011-09-14 07:05:52 --> [CORE] Try load config file: D:\Work\web\shinframework\shinfw\config\seo.php
DEBUG - 2011-09-14 07:05:52 --> Session Class Initialized
DEBUG - 2011-09-14 07:05:52 --> [CORE] Try load config file: D:\Work\web\shinframework\shinfw\config\session.php
DEBUG - 2011-09-14 07:05:52 --> Session routines successfully run
DEBUG - 2011-09-14 07:05:52 --> SHIN_Controller class initialized
DEBUG - 2011-09-14 07:05:52 --> [CORE] Try load config file: D:\Work\web\shinframework\shinfw\config\ddmenu.php
DEBUG - 2011-09-14 07:05:52 --> [QUERY] "delete from sys_session where updated < '2011-09-14 05:05:52'"
DEBUG - 2011-09-14 07:05:52 --> [QUERY] Time run: 0.087376 seconds.
DEBUG - 2011-09-14 07:05:52 --> 
DEBUG - 2011-09-14 07:05:52 --> [QUERY] "SELECT * FROM (`sys_session`) WHERE `id` = '04ac19694814b3466faffab5e0afa25a'"
DEBUG - 2011-09-14 07:05:52 --> [QUERY] Time run: 0.026764 seconds.
DEBUG - 2011-09-14 07:05:52 --> 
DEBUG - 2011-09-14 07:05:52 --> [QUERY] "UPDATE `sys_session` SET `uid` = '', `updated` = '2011-09-14 07:05:52' WHERE `id` = '04ac19694814b3466faffab5e0afa25a'"
DEBUG - 2011-09-14 07:05:52 --> [QUERY] Time run: 0.001523 seconds.
DEBUG - 2011-09-14 07:05:52 --> 
DEBUG - 2011-09-14 07:05:52 --> SHIN_Core loaded successfull.
DEBUG - 2011-09-14 07:05:53 --> [CORE] Try load config file: D:\Work\web\shinframework\shinfw\config\message.php
DEBUG - 2011-09-14 07:05:53 --> [SMARTY] Try processed file: D:\Work\web\shinframework\shinfw\views\login.tpl
