DEBUG - 2011-09-27 07:06:45 --> SHIN_Templater run is "shinfw"
DEBUG - 2011-09-27 07:06:45 --> [CORE] Try load config file: D:\Work\web\shinframework\shinfw\config\router.php
DEBUG - 2011-09-27 07:06:45 --> URI Class Initialized
DEBUG - 2011-09-27 07:06:45 --> [CORE] Try load config file: D:\Work\web\shinframework\shinfw\config\router.php
DEBUG - 2011-09-27 07:06:45 --> [ROUTER] Try route class: D:\Work\web\shinframework\default\app\StartController.php
DEBUG - 2011-09-27 07:06:45 --> Router Class Initialized.
DEBUG - 2011-09-27 07:06:45 --> [CORE] Try load config file: D:\Work\web\shinframework\shinfw\config\auth.php
DEBUG - 2011-09-27 07:06:45 --> [CORE] Try load config file: D:\Work\web\shinframework\shinfw\config\seo.php
DEBUG - 2011-09-27 07:06:45 --> Session Class Initialized
DEBUG - 2011-09-27 07:06:45 --> [CORE] Try load config file: D:\Work\web\shinframework\shinfw\config\session.php
DEBUG - 2011-09-27 07:06:45 --> Session routines successfully run
DEBUG - 2011-09-27 07:06:45 --> SHIN_Controller class initialized
DEBUG - 2011-09-27 07:06:45 --> [CORE] Try load config file: D:\Work\web\shinframework\shinfw\config\ddmenu.php
DEBUG - 2011-09-27 07:06:45 --> [QUERY] "delete from sys_session where updated < '2011-09-27 05:06:45'"
DEBUG - 2011-09-27 07:06:45 --> [QUERY] Time run: 0.044318 seconds.
DEBUG - 2011-09-27 07:06:45 --> 
DEBUG - 2011-09-27 07:06:45 --> [QUERY] "SELECT * FROM (`sys_session`) WHERE `id` = 'bf57465f586437de73a87cc98660a941'"
DEBUG - 2011-09-27 07:06:45 --> [QUERY] Time run: 0.002035 seconds.
DEBUG - 2011-09-27 07:06:45 --> 
DEBUG - 2011-09-27 07:06:45 --> [QUERY] "UPDATE `sys_session` SET `uid` = '', `updated` = '2011-09-27 07:06:45' WHERE `id` = 'bf57465f586437de73a87cc98660a941'"
DEBUG - 2011-09-27 07:06:45 --> [QUERY] Time run: 0.001539 seconds.
DEBUG - 2011-09-27 07:06:45 --> 
DEBUG - 2011-09-27 07:06:45 --> SHIN_Core loaded successfull.
DEBUG - 2011-09-27 07:06:45 --> [CORE] Try load config file: D:\Work\web\shinframework\shinfw\config\message.php
DEBUG - 2011-09-27 07:06:45 --> [SMARTY] Try processed file: D:\Work\web\shinframework\shinfw\views\login.tpl
