DEBUG - 2011-10-03 07:37:11 --> SHIN_Templater run is "shinfw"
DEBUG - 2011-10-03 07:37:11 --> [CORE] Try load config file: D:\Work\web\shinframework\shinfw\config\router.php
DEBUG - 2011-10-03 07:37:11 --> URI Class Initialized
DEBUG - 2011-10-03 07:37:11 --> [CORE] Try load config file: D:\Work\web\shinframework\shinfw\config\router.php
DEBUG - 2011-10-03 07:37:11 --> [ROUTER] Try route class: D:\Work\web\shinframework\default\app\StartController.php
DEBUG - 2011-10-03 07:37:11 --> Router Class Initialized.
DEBUG - 2011-10-03 07:37:11 --> [CORE] Try load config file: D:\Work\web\shinframework\shinfw\config\auth.php
DEBUG - 2011-10-03 07:37:11 --> [CORE] Try load config file: D:\Work\web\shinframework\shinfw\config\seo.php
DEBUG - 2011-10-03 07:37:11 --> Session Class Initialized
DEBUG - 2011-10-03 07:37:11 --> [CORE] Try load config file: D:\Work\web\shinframework\shinfw\config\session.php
DEBUG - 2011-10-03 07:37:11 --> Session routines successfully run
DEBUG - 2011-10-03 07:37:11 --> SHIN_Controller class initialized
DEBUG - 2011-10-03 07:37:11 --> [CORE] Try load config file: D:\Work\web\shinframework\shinfw\config\ddmenu.php
DEBUG - 2011-10-03 07:37:11 --> [QUERY] "delete from sys_session where updated < '2011-10-03 05:37:11'"
DEBUG - 2011-10-03 07:37:11 --> [QUERY] Time run: 0.241484 seconds.
DEBUG - 2011-10-03 07:37:11 --> 
DEBUG - 2011-10-03 07:37:11 --> [QUERY] "SELECT * FROM (`sys_session`) WHERE `id` = '3cdb9edd1f2447a6c0f7ef7e41422d8e'"
DEBUG - 2011-10-03 07:37:11 --> [QUERY] Time run: 0.004045 seconds.
DEBUG - 2011-10-03 07:37:11 --> 
DEBUG - 2011-10-03 07:37:11 --> [QUERY] "UPDATE `sys_session` SET `uid` = '', `updated` = '2011-10-03 07:37:11' WHERE `id` = '3cdb9edd1f2447a6c0f7ef7e41422d8e'"
DEBUG - 2011-10-03 07:37:11 --> [QUERY] Time run: 0.016708 seconds.
DEBUG - 2011-10-03 07:37:11 --> 
DEBUG - 2011-10-03 07:37:11 --> SHIN_Core loaded successfull.
DEBUG - 2011-10-03 07:37:11 --> [CORE] Try load config file: D:\Work\web\shinframework\shinfw\config\message.php
DEBUG - 2011-10-03 07:37:12 --> [SMARTY] Try processed file: D:\Work\web\shinframework\shinfw\views\login.tpl
