DEBUG - 2011-10-19 07:16:47 --> SHIN_Templater run is "shinfw"
DEBUG - 2011-10-19 07:16:47 --> [CORE] Try load config file: D:\Work\web\shinframework\shinfw\config\router.php
DEBUG - 2011-10-19 07:16:47 --> URI Class Initialized
DEBUG - 2011-10-19 07:16:47 --> [CORE] Try load config file: D:\Work\web\shinframework\shinfw\config\router.php
DEBUG - 2011-10-19 07:16:47 --> [ROUTER] Try route class: D:\Work\web\shinframework\default\app\StartController.php
DEBUG - 2011-10-19 07:16:48 --> Router Class Initialized.
DEBUG - 2011-10-19 07:16:48 --> [CORE] Try load config file: D:\Work\web\shinframework\shinfw\config\auth.php
DEBUG - 2011-10-19 07:16:48 --> [CORE] Try load config file: D:\Work\web\shinframework\shinfw\config\seo.php
DEBUG - 2011-10-19 07:16:48 --> Session Class Initialized
DEBUG - 2011-10-19 07:16:48 --> [CORE] Try load config file: D:\Work\web\shinframework\shinfw\config\session.php
DEBUG - 2011-10-19 07:16:48 --> Session routines successfully run
DEBUG - 2011-10-19 07:16:48 --> SHIN_Controller class initialized
DEBUG - 2011-10-19 07:16:48 --> [CORE] Try load config file: D:\Work\web\shinframework\shinfw\config\ddmenu.php
DEBUG - 2011-10-19 07:16:48 --> [QUERY] "delete from sys_session where updated < '2011-10-19 05:16:48'"
DEBUG - 2011-10-19 07:16:48 --> [QUERY] Time run: 0.139834 seconds.
DEBUG - 2011-10-19 07:16:48 --> 
DEBUG - 2011-10-19 07:16:48 --> [QUERY] "SELECT * FROM (`sys_session`) WHERE `id` = 'd2c6982be6a0e5d507734088ed1d1ba9'"
DEBUG - 2011-10-19 07:16:48 --> [QUERY] Time run: 0.004302 seconds.
DEBUG - 2011-10-19 07:16:48 --> 
DEBUG - 2011-10-19 07:16:48 --> [QUERY] "UPDATE `sys_session` SET `uid` = '', `updated` = '2011-10-19 07:16:48' WHERE `id` = 'd2c6982be6a0e5d507734088ed1d1ba9'"
DEBUG - 2011-10-19 07:16:48 --> [QUERY] Time run: 0.001698 seconds.
DEBUG - 2011-10-19 07:16:48 --> 
DEBUG - 2011-10-19 07:16:48 --> SHIN_Core loaded successfull.
DEBUG - 2011-10-19 07:16:48 --> [CORE] Try load config file: D:\Work\web\shinframework\shinfw\config\message.php
DEBUG - 2011-10-19 07:16:48 --> [SMARTY] Try processed file: D:\Work\web\shinframework\shinfw\views\login.tpl
