DEBUG - 2011-12-14 07:07:30 --> SHIN_Templater run is "shinfw"
DEBUG - 2011-12-14 07:07:30 --> [CORE] Try load config file: D:\Work\web\shinframework\shinfw\config\router.php
DEBUG - 2011-12-14 07:07:30 --> URI Class Initialized
DEBUG - 2011-12-14 07:07:30 --> [CORE] Try load config file: D:\Work\web\shinframework\shinfw\config\router.php
DEBUG - 2011-12-14 07:07:30 --> [ROUTER] Try route class: D:\Work\web\shinframework\default\app\StartController.php
DEBUG - 2011-12-14 07:07:30 --> Router Class Initialized.
DEBUG - 2011-12-14 07:07:30 --> [CORE] Try load config file: D:\Work\web\shinframework\shinfw\config\auth.php
DEBUG - 2011-12-14 07:07:31 --> [CORE] Try load config file: D:\Work\web\shinframework\shinfw\config\seo.php
DEBUG - 2011-12-14 07:07:31 --> Session Class Initialized
DEBUG - 2011-12-14 07:07:31 --> [CORE] Try load config file: D:\Work\web\shinframework\shinfw\config\session.php
DEBUG - 2011-12-14 07:07:31 --> Session routines successfully run
DEBUG - 2011-12-14 07:07:31 --> SHIN_Controller class initialized
DEBUG - 2011-12-14 07:07:31 --> [CORE] Try load config file: D:\Work\web\shinframework\shinfw\config\ddmenu.php
DEBUG - 2011-12-14 07:07:31 --> [QUERY] "delete from sys_session where updated < '2011-12-14 05:07:31'"
DEBUG - 2011-12-14 07:07:31 --> [QUERY] Time run: 0.084676 seconds.
DEBUG - 2011-12-14 07:07:31 --> 
DEBUG - 2011-12-14 07:07:31 --> [QUERY] "SELECT * FROM (`sys_session`) WHERE `id` = '39aa991cafaa6a935c8bcbb4baab881a'"
DEBUG - 2011-12-14 07:07:31 --> [QUERY] Time run: 0.001695 seconds.
DEBUG - 2011-12-14 07:07:31 --> 
DEBUG - 2011-12-14 07:07:31 --> [QUERY] "UPDATE `sys_session` SET `uid` = '', `updated` = '2011-12-14 07:07:31' WHERE `id` = '39aa991cafaa6a935c8bcbb4baab881a'"
DEBUG - 2011-12-14 07:07:31 --> [QUERY] Time run: 0.001235 seconds.
DEBUG - 2011-12-14 07:07:31 --> 
DEBUG - 2011-12-14 07:07:31 --> SHIN_Core loaded successfull.
DEBUG - 2011-12-14 07:07:31 --> [CORE] Try load config file: D:\Work\web\shinframework\shinfw\config\message.php
DEBUG - 2011-12-14 07:07:31 --> [SMARTY] Try processed file: D:\Work\web\shinframework\shinfw\views\login.tpl
