DEBUG - 2011-10-04 07:37:14 --> SHIN_Templater run is "shinfw"
DEBUG - 2011-10-04 07:37:14 --> [CORE] Try load config file: D:\Work\web\shinframework\shinfw\config\router.php
DEBUG - 2011-10-04 07:37:14 --> URI Class Initialized
DEBUG - 2011-10-04 07:37:14 --> [CORE] Try load config file: D:\Work\web\shinframework\shinfw\config\router.php
DEBUG - 2011-10-04 07:37:14 --> [ROUTER] Try route class: D:\Work\web\shinframework\default\app\StartController.php
DEBUG - 2011-10-04 07:37:14 --> Router Class Initialized.
DEBUG - 2011-10-04 07:37:14 --> [CORE] Try load config file: D:\Work\web\shinframework\shinfw\config\auth.php
DEBUG - 2011-10-04 07:37:14 --> [CORE] Try load config file: D:\Work\web\shinframework\shinfw\config\seo.php
DEBUG - 2011-10-04 07:37:14 --> Session Class Initialized
DEBUG - 2011-10-04 07:37:14 --> [CORE] Try load config file: D:\Work\web\shinframework\shinfw\config\session.php
DEBUG - 2011-10-04 07:37:14 --> Session routines successfully run
DEBUG - 2011-10-04 07:37:14 --> SHIN_Controller class initialized
DEBUG - 2011-10-04 07:37:14 --> [CORE] Try load config file: D:\Work\web\shinframework\shinfw\config\ddmenu.php
DEBUG - 2011-10-04 07:37:15 --> [QUERY] "delete from sys_session where updated < '2011-10-04 05:37:15'"
DEBUG - 2011-10-04 07:37:15 --> [QUERY] Time run: 0.058263 seconds.
DEBUG - 2011-10-04 07:37:15 --> 
DEBUG - 2011-10-04 07:37:15 --> [QUERY] "SELECT * FROM (`sys_session`) WHERE `id` = '869877058d3ec63cb2059778061c802a'"
DEBUG - 2011-10-04 07:37:15 --> [QUERY] Time run: 0.001191 seconds.
DEBUG - 2011-10-04 07:37:15 --> 
DEBUG - 2011-10-04 07:37:15 --> [QUERY] "UPDATE `sys_session` SET `uid` = '', `updated` = '2011-10-04 07:37:15' WHERE `id` = '869877058d3ec63cb2059778061c802a'"
DEBUG - 2011-10-04 07:37:15 --> [QUERY] Time run: 0.000861 seconds.
DEBUG - 2011-10-04 07:37:15 --> 
DEBUG - 2011-10-04 07:37:15 --> SHIN_Core loaded successfull.
DEBUG - 2011-10-04 07:37:15 --> [CORE] Try load config file: D:\Work\web\shinframework\shinfw\config\message.php
DEBUG - 2011-10-04 07:37:15 --> [SMARTY] Try processed file: D:\Work\web\shinframework\shinfw\views\login.tpl
