DEBUG - 2011-12-13 07:07:26 --> SHIN_Templater run is "shinfw"
DEBUG - 2011-12-13 07:07:26 --> [CORE] Try load config file: D:\Work\web\shinframework\shinfw\config\router.php
DEBUG - 2011-12-13 07:07:26 --> URI Class Initialized
DEBUG - 2011-12-13 07:07:26 --> [CORE] Try load config file: D:\Work\web\shinframework\shinfw\config\router.php
DEBUG - 2011-12-13 07:07:26 --> [ROUTER] Try route class: D:\Work\web\shinframework\default\app\StartController.php
DEBUG - 2011-12-13 07:07:26 --> Router Class Initialized.
DEBUG - 2011-12-13 07:07:26 --> [CORE] Try load config file: D:\Work\web\shinframework\shinfw\config\auth.php
DEBUG - 2011-12-13 07:07:26 --> [CORE] Try load config file: D:\Work\web\shinframework\shinfw\config\seo.php
DEBUG - 2011-12-13 07:07:26 --> Session Class Initialized
DEBUG - 2011-12-13 07:07:26 --> [CORE] Try load config file: D:\Work\web\shinframework\shinfw\config\session.php
DEBUG - 2011-12-13 07:07:27 --> Session routines successfully run
DEBUG - 2011-12-13 07:07:27 --> SHIN_Controller class initialized
DEBUG - 2011-12-13 07:07:27 --> [CORE] Try load config file: D:\Work\web\shinframework\shinfw\config\ddmenu.php
DEBUG - 2011-12-13 07:07:27 --> [QUERY] "delete from sys_session where updated < '2011-12-13 05:07:27'"
DEBUG - 2011-12-13 07:07:27 --> [QUERY] Time run: 0.181676 seconds.
DEBUG - 2011-12-13 07:07:27 --> 
DEBUG - 2011-12-13 07:07:27 --> [QUERY] "SELECT * FROM (`sys_session`) WHERE `id` = '7ff5ae89bbf601d1536564ed34521513'"
DEBUG - 2011-12-13 07:07:27 --> [QUERY] Time run: 0.002860 seconds.
DEBUG - 2011-12-13 07:07:27 --> 
DEBUG - 2011-12-13 07:07:27 --> [QUERY] "UPDATE `sys_session` SET `uid` = '', `updated` = '2011-12-13 07:07:27' WHERE `id` = '7ff5ae89bbf601d1536564ed34521513'"
DEBUG - 2011-12-13 07:07:27 --> [QUERY] Time run: 0.019851 seconds.
DEBUG - 2011-12-13 07:07:27 --> 
DEBUG - 2011-12-13 07:07:27 --> SHIN_Core loaded successfull.
DEBUG - 2011-12-13 07:07:28 --> [CORE] Try load config file: D:\Work\web\shinframework\shinfw\config\message.php
DEBUG - 2011-12-13 07:07:28 --> [SMARTY] Try processed file: D:\Work\web\shinframework\shinfw\views\login.tpl
