DEBUG - 2011-09-05 06:56:45 --> SHIN_Templater run is "shinfw"
DEBUG - 2011-09-05 06:56:45 --> [CORE] Try load config file: D:\Work\web\shinframework\shinfw\config\router.php
DEBUG - 2011-09-05 06:56:45 --> URI Class Initialized
DEBUG - 2011-09-05 06:56:45 --> [CORE] Try load config file: D:\Work\web\shinframework\shinfw\config\router.php
DEBUG - 2011-09-05 06:56:45 --> [ROUTER] Try route class: D:\Work\web\shinframework\default\app\StartController.php
DEBUG - 2011-09-05 06:56:45 --> Router Class Initialized.
DEBUG - 2011-09-05 06:56:45 --> [CORE] Try load config file: D:\Work\web\shinframework\shinfw\config\auth.php
DEBUG - 2011-09-05 06:56:45 --> [CORE] Try load config file: D:\Work\web\shinframework\shinfw\config\seo.php
DEBUG - 2011-09-05 06:56:45 --> Session Class Initialized
DEBUG - 2011-09-05 06:56:45 --> [CORE] Try load config file: D:\Work\web\shinframework\shinfw\config\session.php
DEBUG - 2011-09-05 06:56:45 --> Session routines successfully run
DEBUG - 2011-09-05 06:56:45 --> SHIN_Controller class initialized
DEBUG - 2011-09-05 06:56:45 --> [CORE] Try load config file: D:\Work\web\shinframework\shinfw\config\ddmenu.php
DEBUG - 2011-09-05 06:56:45 --> [QUERY] "delete from sys_session where updated < '2011-09-05 04:56:45'"
DEBUG - 2011-09-05 06:56:46 --> [QUERY] Time run: 0.324443 seconds.
DEBUG - 2011-09-05 06:56:46 --> 
DEBUG - 2011-09-05 06:56:46 --> [QUERY] "SELECT * FROM (`sys_session`) WHERE `id` = '59ce05c91af7f459042d60cb58d27c5d'"
DEBUG - 2011-09-05 06:56:46 --> [QUERY] Time run: 0.003446 seconds.
DEBUG - 2011-09-05 06:56:46 --> 
DEBUG - 2011-09-05 06:56:46 --> [QUERY] "UPDATE `sys_session` SET `uid` = '', `updated` = '2011-09-05 06:56:46' WHERE `id` = '59ce05c91af7f459042d60cb58d27c5d'"
DEBUG - 2011-09-05 06:56:46 --> [QUERY] Time run: 0.001654 seconds.
DEBUG - 2011-09-05 06:56:46 --> 
DEBUG - 2011-09-05 06:56:46 --> SHIN_Core loaded successfull.
DEBUG - 2011-09-05 06:56:46 --> [CORE] Try load config file: D:\Work\web\shinframework\shinfw\config\message.php
DEBUG - 2011-09-05 06:56:46 --> [SMARTY] Try processed file: D:\Work\web\shinframework\shinfw\views\login.tpl
