DEBUG - 2011-11-14 06:55:56 --> SHIN_Templater run is "shinfw"
DEBUG - 2011-11-14 06:55:56 --> [CORE] Try load config file: D:\Work\web\shinframework\shinfw\config\router.php
DEBUG - 2011-11-14 06:55:56 --> URI Class Initialized
DEBUG - 2011-11-14 06:55:56 --> [CORE] Try load config file: D:\Work\web\shinframework\shinfw\config\router.php
DEBUG - 2011-11-14 06:55:56 --> [ROUTER] Try route class: D:\Work\web\shinframework\default\app\StartController.php
DEBUG - 2011-11-14 06:55:56 --> Router Class Initialized.
DEBUG - 2011-11-14 06:55:56 --> [CORE] Try load config file: D:\Work\web\shinframework\shinfw\config\auth.php
DEBUG - 2011-11-14 06:55:56 --> [CORE] Try load config file: D:\Work\web\shinframework\shinfw\config\seo.php
DEBUG - 2011-11-14 06:55:56 --> Session Class Initialized
DEBUG - 2011-11-14 06:55:56 --> [CORE] Try load config file: D:\Work\web\shinframework\shinfw\config\session.php
DEBUG - 2011-11-14 06:55:56 --> Session routines successfully run
DEBUG - 2011-11-14 06:55:56 --> SHIN_Controller class initialized
DEBUG - 2011-11-14 06:55:56 --> [CORE] Try load config file: D:\Work\web\shinframework\shinfw\config\ddmenu.php
DEBUG - 2011-11-14 06:55:56 --> [QUERY] "delete from sys_session where updated < '2011-11-14 04:55:56'"
DEBUG - 2011-11-14 06:55:56 --> [QUERY] Time run: 0.181525 seconds.
DEBUG - 2011-11-14 06:55:56 --> 
DEBUG - 2011-11-14 06:55:56 --> [QUERY] "SELECT * FROM (`sys_session`) WHERE `id` = '13b91cc2dc852322ba43f9b0228d940a'"
DEBUG - 2011-11-14 06:55:56 --> [QUERY] Time run: 0.002874 seconds.
DEBUG - 2011-11-14 06:55:56 --> 
DEBUG - 2011-11-14 06:55:56 --> [QUERY] "UPDATE `sys_session` SET `uid` = '', `updated` = '2011-11-14 06:55:56' WHERE `id` = '13b91cc2dc852322ba43f9b0228d940a'"
DEBUG - 2011-11-14 06:55:56 --> [QUERY] Time run: 0.001869 seconds.
DEBUG - 2011-11-14 06:55:56 --> 
DEBUG - 2011-11-14 06:55:56 --> SHIN_Core loaded successfull.
DEBUG - 2011-11-14 06:55:57 --> [CORE] Try load config file: D:\Work\web\shinframework\shinfw\config\message.php
DEBUG - 2011-11-14 06:55:57 --> [SMARTY] Try processed file: D:\Work\web\shinframework\shinfw\views\login.tpl
