DEBUG - 2012-01-10 07:13:40 --> SHIN_Templater run is "shinfw"
DEBUG - 2012-01-10 07:13:40 --> [CORE] Try load config file: D:\Work\web\shinframework\shinfw\config\router.php
DEBUG - 2012-01-10 07:13:40 --> URI Class Initialized
DEBUG - 2012-01-10 07:13:40 --> [CORE] Try load config file: D:\Work\web\shinframework\shinfw\config\router.php
DEBUG - 2012-01-10 07:13:40 --> [ROUTER] Try route class: D:\Work\web\shinframework\default\app\StartController.php
DEBUG - 2012-01-10 07:13:40 --> Router Class Initialized.
DEBUG - 2012-01-10 07:13:40 --> [CORE] Try load config file: D:\Work\web\shinframework\shinfw\config\auth.php
DEBUG - 2012-01-10 07:13:40 --> [CORE] Try load config file: D:\Work\web\shinframework\shinfw\config\seo.php
DEBUG - 2012-01-10 07:13:40 --> Session Class Initialized
DEBUG - 2012-01-10 07:13:40 --> [CORE] Try load config file: D:\Work\web\shinframework\shinfw\config\session.php
DEBUG - 2012-01-10 07:13:40 --> Session routines successfully run
DEBUG - 2012-01-10 07:13:40 --> SHIN_Controller class initialized
DEBUG - 2012-01-10 07:13:40 --> [CORE] Try load config file: D:\Work\web\shinframework\shinfw\config\ddmenu.php
DEBUG - 2012-01-10 07:13:40 --> [QUERY] "delete from sys_session where updated < '2012-01-10 05:13:40'"
DEBUG - 2012-01-10 07:13:40 --> [QUERY] Time run: 0.182424 seconds.
DEBUG - 2012-01-10 07:13:40 --> 
DEBUG - 2012-01-10 07:13:40 --> [QUERY] "SELECT * FROM (`sys_session`) WHERE `id` = '83e7ea67eb016d1324e82a8f69a60ed8'"
DEBUG - 2012-01-10 07:13:40 --> [QUERY] Time run: 0.002803 seconds.
DEBUG - 2012-01-10 07:13:40 --> 
DEBUG - 2012-01-10 07:13:40 --> [QUERY] "UPDATE `sys_session` SET `uid` = '', `updated` = '2012-01-10 07:13:40' WHERE `id` = '83e7ea67eb016d1324e82a8f69a60ed8'"
DEBUG - 2012-01-10 07:13:40 --> [QUERY] Time run: 0.030736 seconds.
DEBUG - 2012-01-10 07:13:40 --> 
DEBUG - 2012-01-10 07:13:40 --> SHIN_Core loaded successfull.
DEBUG - 2012-01-10 07:13:40 --> [CORE] Try load config file: D:\Work\web\shinframework\shinfw\config\message.php
DEBUG - 2012-01-10 07:13:41 --> [SMARTY] Try processed file: D:\Work\web\shinframework\shinfw\views\login.tpl
