DEBUG - 2011-10-06 07:37:20 --> SHIN_Templater run is "shinfw"
DEBUG - 2011-10-06 07:37:20 --> [CORE] Try load config file: D:\Work\web\shinframework\shinfw\config\router.php
DEBUG - 2011-10-06 07:37:20 --> URI Class Initialized
DEBUG - 2011-10-06 07:37:20 --> [CORE] Try load config file: D:\Work\web\shinframework\shinfw\config\router.php
DEBUG - 2011-10-06 07:37:20 --> [ROUTER] Try route class: D:\Work\web\shinframework\default\app\StartController.php
DEBUG - 2011-10-06 07:37:20 --> Router Class Initialized.
DEBUG - 2011-10-06 07:37:20 --> [CORE] Try load config file: D:\Work\web\shinframework\shinfw\config\auth.php
DEBUG - 2011-10-06 07:37:20 --> [CORE] Try load config file: D:\Work\web\shinframework\shinfw\config\seo.php
DEBUG - 2011-10-06 07:37:20 --> Session Class Initialized
DEBUG - 2011-10-06 07:37:20 --> [CORE] Try load config file: D:\Work\web\shinframework\shinfw\config\session.php
DEBUG - 2011-10-06 07:37:20 --> Session routines successfully run
DEBUG - 2011-10-06 07:37:20 --> SHIN_Controller class initialized
DEBUG - 2011-10-06 07:37:20 --> [CORE] Try load config file: D:\Work\web\shinframework\shinfw\config\ddmenu.php
DEBUG - 2011-10-06 07:37:20 --> [QUERY] "delete from sys_session where updated < '2011-10-06 05:37:20'"
DEBUG - 2011-10-06 07:37:20 --> [QUERY] Time run: 0.123084 seconds.
DEBUG - 2011-10-06 07:37:20 --> 
DEBUG - 2011-10-06 07:37:20 --> [QUERY] "SELECT * FROM (`sys_session`) WHERE `id` = '816ea55c515f54a0bc77ad714053d9db'"
DEBUG - 2011-10-06 07:37:20 --> [QUERY] Time run: 0.001567 seconds.
DEBUG - 2011-10-06 07:37:20 --> 
DEBUG - 2011-10-06 07:37:20 --> [QUERY] "UPDATE `sys_session` SET `uid` = '', `updated` = '2011-10-06 07:37:20' WHERE `id` = '816ea55c515f54a0bc77ad714053d9db'"
DEBUG - 2011-10-06 07:37:20 --> [QUERY] Time run: 0.001509 seconds.
DEBUG - 2011-10-06 07:37:20 --> 
DEBUG - 2011-10-06 07:37:20 --> SHIN_Core loaded successfull.
DEBUG - 2011-10-06 07:37:21 --> [CORE] Try load config file: D:\Work\web\shinframework\shinfw\config\message.php
DEBUG - 2011-10-06 07:37:21 --> [SMARTY] Try processed file: D:\Work\web\shinframework\shinfw\views\login.tpl
