DEBUG - 2011-12-07 07:17:42 --> SHIN_Templater run is "shinfw"
DEBUG - 2011-12-07 07:17:42 --> [CORE] Try load config file: D:\Work\web\shinframework\shinfw\config\router.php
DEBUG - 2011-12-07 07:17:42 --> URI Class Initialized
DEBUG - 2011-12-07 07:17:42 --> [CORE] Try load config file: D:\Work\web\shinframework\shinfw\config\router.php
DEBUG - 2011-12-07 07:17:42 --> [ROUTER] Try route class: D:\Work\web\shinframework\default\app\StartController.php
DEBUG - 2011-12-07 07:17:42 --> Router Class Initialized.
DEBUG - 2011-12-07 07:17:42 --> [CORE] Try load config file: D:\Work\web\shinframework\shinfw\config\auth.php
DEBUG - 2011-12-07 07:17:42 --> [CORE] Try load config file: D:\Work\web\shinframework\shinfw\config\seo.php
DEBUG - 2011-12-07 07:17:42 --> Session Class Initialized
DEBUG - 2011-12-07 07:17:42 --> [CORE] Try load config file: D:\Work\web\shinframework\shinfw\config\session.php
DEBUG - 2011-12-07 07:17:42 --> Session routines successfully run
DEBUG - 2011-12-07 07:17:42 --> SHIN_Controller class initialized
DEBUG - 2011-12-07 07:17:43 --> [CORE] Try load config file: D:\Work\web\shinframework\shinfw\config\ddmenu.php
DEBUG - 2011-12-07 07:17:43 --> [QUERY] "delete from sys_session where updated < '2011-12-07 05:17:43'"
DEBUG - 2011-12-07 07:17:43 --> [QUERY] Time run: 0.086981 seconds.
DEBUG - 2011-12-07 07:17:43 --> 
DEBUG - 2011-12-07 07:17:43 --> [QUERY] "SELECT * FROM (`sys_session`) WHERE `id` = 'd09f4ed0550455685a3786d2e5432f09'"
DEBUG - 2011-12-07 07:17:43 --> [QUERY] Time run: 0.002188 seconds.
DEBUG - 2011-12-07 07:17:43 --> 
DEBUG - 2011-12-07 07:17:43 --> [QUERY] "UPDATE `sys_session` SET `uid` = '', `updated` = '2011-12-07 07:17:43' WHERE `id` = 'd09f4ed0550455685a3786d2e5432f09'"
DEBUG - 2011-12-07 07:17:43 --> [QUERY] Time run: 0.001693 seconds.
DEBUG - 2011-12-07 07:17:43 --> 
DEBUG - 2011-12-07 07:17:43 --> SHIN_Core loaded successfull.
DEBUG - 2011-12-07 07:17:43 --> [CORE] Try load config file: D:\Work\web\shinframework\shinfw\config\message.php
DEBUG - 2011-12-07 07:17:43 --> [SMARTY] Try processed file: D:\Work\web\shinframework\shinfw\views\login.tpl
