DEBUG - 2012-01-18 14:49:05 --> SHIN_Templater run is "shinfw"
DEBUG - 2012-01-18 14:49:05 --> [CORE] Try load config file: D:\Work\web\shinframework\shinfw\config\router.php
DEBUG - 2012-01-18 14:49:05 --> URI Class Initialized
DEBUG - 2012-01-18 14:49:05 --> [CORE] Try load config file: D:\Work\web\shinframework\shinfw\config\router.php
DEBUG - 2012-01-18 14:49:05 --> [ROUTER] Try route class: D:\Work\web\shinframework\default\app\StartController.php
DEBUG - 2012-01-18 14:49:05 --> Router Class Initialized.
DEBUG - 2012-01-18 14:49:05 --> [CORE] Try load config file: D:\Work\web\shinframework\shinfw\config\auth.php
DEBUG - 2012-01-18 14:49:06 --> [CORE] Try load config file: D:\Work\web\shinframework\shinfw\config\seo.php
DEBUG - 2012-01-18 14:49:06 --> Session Class Initialized
DEBUG - 2012-01-18 14:49:06 --> [CORE] Try load config file: D:\Work\web\shinframework\shinfw\config\session.php
DEBUG - 2012-01-18 14:49:06 --> Session routines successfully run
DEBUG - 2012-01-18 14:49:06 --> SHIN_Controller class initialized
DEBUG - 2012-01-18 14:49:06 --> [CORE] Try load config file: D:\Work\web\shinframework\shinfw\config\ddmenu.php
DEBUG - 2012-01-18 14:49:06 --> [QUERY] "delete from sys_session where updated < '2012-01-18 12:49:06'"
DEBUG - 2012-01-18 14:49:06 --> [QUERY] Time run: 0.373883 seconds.
DEBUG - 2012-01-18 14:49:06 --> 
DEBUG - 2012-01-18 14:49:06 --> [QUERY] "SELECT * FROM (`sys_session`) WHERE `id` = '90af23db839afae17b0ed4c326c024bb'"
DEBUG - 2012-01-18 14:49:06 --> [QUERY] Time run: 0.001624 seconds.
DEBUG - 2012-01-18 14:49:06 --> 
DEBUG - 2012-01-18 14:49:06 --> [QUERY] "UPDATE `sys_session` SET `uid` = '', `updated` = '2012-01-18 14:49:06' WHERE `id` = '90af23db839afae17b0ed4c326c024bb'"
DEBUG - 2012-01-18 14:49:06 --> [QUERY] Time run: 0.047888 seconds.
DEBUG - 2012-01-18 14:49:06 --> 
DEBUG - 2012-01-18 14:49:06 --> SHIN_Core loaded successfull.
DEBUG - 2012-01-18 14:49:07 --> [CORE] Try load config file: D:\Work\web\shinframework\shinfw\config\message.php
DEBUG - 2012-01-18 14:49:07 --> [SMARTY] Try processed file: D:\Work\web\shinframework\shinfw\views\login.tpl
