DEBUG - 2011-11-27 16:44:13 --> SHIN_Templater run is "shinfw"
DEBUG - 2011-11-27 16:44:13 --> [CORE] Try load config file: D:\Work\web\shinframework\shinfw\config\router.php
DEBUG - 2011-11-27 16:44:13 --> URI Class Initialized
DEBUG - 2011-11-27 16:44:13 --> [CORE] Try load config file: D:\Work\web\shinframework\shinfw\config\router.php
DEBUG - 2011-11-27 16:44:13 --> [ROUTER] Try route class: D:\Work\web\shinframework\default\app\StartController.php
DEBUG - 2011-11-27 16:44:13 --> Router Class Initialized.
DEBUG - 2011-11-27 16:44:13 --> [CORE] Try load config file: D:\Work\web\shinframework\shinfw\config\auth.php
DEBUG - 2011-11-27 16:44:13 --> [CORE] Try load config file: D:\Work\web\shinframework\shinfw\config\seo.php
DEBUG - 2011-11-27 16:44:13 --> Session Class Initialized
DEBUG - 2011-11-27 16:44:13 --> [CORE] Try load config file: D:\Work\web\shinframework\shinfw\config\session.php
DEBUG - 2011-11-27 16:44:13 --> Session routines successfully run
DEBUG - 2011-11-27 16:44:13 --> SHIN_Controller class initialized
DEBUG - 2011-11-27 16:44:13 --> [CORE] Try load config file: D:\Work\web\shinframework\shinfw\config\ddmenu.php
DEBUG - 2011-11-27 16:44:14 --> [QUERY] "delete from sys_session where updated < '2011-11-27 14:44:13'"
DEBUG - 2011-11-27 16:44:14 --> [QUERY] Time run: 0.144469 seconds.
DEBUG - 2011-11-27 16:44:14 --> 
DEBUG - 2011-11-27 16:44:14 --> [QUERY] "SELECT * FROM (`sys_session`) WHERE `id` = '392f7c478a5db69f0e6e331cc63327d3'"
DEBUG - 2011-11-27 16:44:14 --> [QUERY] Time run: 0.001666 seconds.
DEBUG - 2011-11-27 16:44:14 --> 
DEBUG - 2011-11-27 16:44:14 --> [QUERY] "UPDATE `sys_session` SET `uid` = '', `updated` = '2011-11-27 16:44:14' WHERE `id` = '392f7c478a5db69f0e6e331cc63327d3'"
DEBUG - 2011-11-27 16:44:14 --> [QUERY] Time run: 0.001735 seconds.
DEBUG - 2011-11-27 16:44:14 --> 
DEBUG - 2011-11-27 16:44:14 --> SHIN_Core loaded successfull.
DEBUG - 2011-11-27 16:44:14 --> [CORE] Try load config file: D:\Work\web\shinframework\shinfw\config\message.php
DEBUG - 2011-11-27 16:44:14 --> [SMARTY] Try processed file: D:\Work\web\shinframework\shinfw\views\login.tpl
