DEBUG - 2011-07-28 07:03:14 --> SHIN_Templater run is "shinfw"
DEBUG - 2011-07-28 07:03:14 --> [CORE] Try load config file: D:\Work\web\shinframework\shinfw\config\router.php
DEBUG - 2011-07-28 07:03:14 --> URI Class Initialized
DEBUG - 2011-07-28 07:03:14 --> [CORE] Try load config file: D:\Work\web\shinframework\shinfw\config\router.php
DEBUG - 2011-07-28 07:03:15 --> [ROUTER] Try route class: D:\Work\web\shinframework\default\app\StartController.php
DEBUG - 2011-07-28 07:03:15 --> Router Class Initialized.
DEBUG - 2011-07-28 07:03:15 --> [CORE] Try load config file: D:\Work\web\shinframework\shinfw\config\auth.php
DEBUG - 2011-07-28 07:03:15 --> [CORE] Try load config file: D:\Work\web\shinframework\shinfw\config\seo.php
DEBUG - 2011-07-28 07:03:15 --> Session Class Initialized
DEBUG - 2011-07-28 07:03:15 --> [CORE] Try load config file: D:\Work\web\shinframework\shinfw\config\session.php
DEBUG - 2011-07-28 07:03:15 --> Session routines successfully run
DEBUG - 2011-07-28 07:03:15 --> SHIN_Controller class initialized
DEBUG - 2011-07-28 07:03:15 --> [CORE] Try load config file: D:\Work\web\shinframework\shinfw\config\ddmenu.php
DEBUG - 2011-07-28 07:03:15 --> [QUERY] "delete from sys_session where updated < '2011-07-28 05:03:15'"
DEBUG - 2011-07-28 07:03:18 --> [QUERY] Time run: 2.106787 seconds.
DEBUG - 2011-07-28 07:03:18 --> 
DEBUG - 2011-07-28 07:03:18 --> [QUERY] "SELECT * FROM (`sys_session`) WHERE `id` = '09b94669516cdea459c999711513a356'"
DEBUG - 2011-07-28 07:03:18 --> [QUERY] Time run: 0.296269 seconds.
DEBUG - 2011-07-28 07:03:18 --> 
DEBUG - 2011-07-28 07:03:18 --> [QUERY] "UPDATE `sys_session` SET `uid` = '', `updated` = '2011-07-28 07:03:18' WHERE `id` = '09b94669516cdea459c999711513a356'"
DEBUG - 2011-07-28 07:03:18 --> [QUERY] Time run: 0.119671 seconds.
DEBUG - 2011-07-28 07:03:18 --> 
DEBUG - 2011-07-28 07:03:18 --> SHIN_Core loaded successfull.
DEBUG - 2011-07-28 07:03:19 --> [CORE] Try load config file: D:\Work\web\shinframework\shinfw\config\message.php
DEBUG - 2011-07-28 07:03:19 --> [SMARTY] Try processed file: D:\Work\web\shinframework\shinfw\views\login.tpl
DEBUG - 2011-07-28 07:12:11 --> SHIN_Templater run is "shinfw"
DEBUG - 2011-07-28 07:12:11 --> [CORE] Try load config file: D:\Work\web\shinframework\shinfw\config\router.php
DEBUG - 2011-07-28 07:12:11 --> URI Class Initialized
DEBUG - 2011-07-28 07:12:11 --> [CORE] Try load config file: D:\Work\web\shinframework\shinfw\config\router.php
DEBUG - 2011-07-28 07:12:11 --> [ROUTER] Try route class: D:\Work\web\shinframework\default\app\StartController.php
DEBUG - 2011-07-28 07:12:11 --> Router Class Initialized.
DEBUG - 2011-07-28 07:12:11 --> [CORE] Try load config file: D:\Work\web\shinframework\shinfw\config\auth.php
DEBUG - 2011-07-28 07:12:12 --> [CORE] Try load config file: D:\Work\web\shinframework\shinfw\config\seo.php
DEBUG - 2011-07-28 07:12:12 --> Session Class Initialized
DEBUG - 2011-07-28 07:12:12 --> [CORE] Try load config file: D:\Work\web\shinframework\shinfw\config\session.php
DEBUG - 2011-07-28 07:12:12 --> Session routines successfully run
DEBUG - 2011-07-28 07:12:12 --> SHIN_Controller class initialized
DEBUG - 2011-07-28 07:12:12 --> [CORE] Try load config file: D:\Work\web\shinframework\shinfw\config\ddmenu.php
DEBUG - 2011-07-28 07:12:12 --> [QUERY] "delete from sys_session where updated < '2011-07-28 05:12:12'"
DEBUG - 2011-07-28 07:12:12 --> [QUERY] Time run: 0.081130 seconds.
DEBUG - 2011-07-28 07:12:12 --> 
DEBUG - 2011-07-28 07:12:12 --> [QUERY] "SELECT * FROM (`sys_session`) WHERE `id` = '09b94669516cdea459c999711513a356'"
DEBUG - 2011-07-28 07:12:12 --> [QUERY] Time run: 0.003585 seconds.
DEBUG - 2011-07-28 07:12:12 --> 
DEBUG - 2011-07-28 07:12:12 --> [QUERY] "UPDATE `sys_session` SET `uid` = '', `updated` = '2011-07-28 07:12:12' WHERE `id` = '09b94669516cdea459c999711513a356'"
DEBUG - 2011-07-28 07:12:12 --> [QUERY] Time run: 0.002179 seconds.
DEBUG - 2011-07-28 07:12:12 --> 
DEBUG - 2011-07-28 07:12:12 --> SHIN_Core loaded successfull.
DEBUG - 2011-07-28 07:12:12 --> [CORE] Try load config file: D:\Work\web\shinframework\shinfw\config\message.php
DEBUG - 2011-07-28 07:12:12 --> [SMARTY] Try processed file: D:\Work\web\shinframework\shinfw\views\login.tpl
