DEBUG - 2011-08-23 06:56:40 --> SHIN_Templater run is "shinfw"
DEBUG - 2011-08-23 06:56:40 --> [CORE] Try load config file: D:\Work\web\shinframework\shinfw\config\router.php
DEBUG - 2011-08-23 06:56:40 --> URI Class Initialized
DEBUG - 2011-08-23 06:56:40 --> [CORE] Try load config file: D:\Work\web\shinframework\shinfw\config\router.php
DEBUG - 2011-08-23 06:56:40 --> [ROUTER] Try route class: D:\Work\web\shinframework\default\app\StartController.php
DEBUG - 2011-08-23 06:56:40 --> Router Class Initialized.
DEBUG - 2011-08-23 06:56:40 --> [CORE] Try load config file: D:\Work\web\shinframework\shinfw\config\auth.php
DEBUG - 2011-08-23 06:56:41 --> [CORE] Try load config file: D:\Work\web\shinframework\shinfw\config\seo.php
DEBUG - 2011-08-23 06:56:41 --> Session Class Initialized
DEBUG - 2011-08-23 06:56:41 --> [CORE] Try load config file: D:\Work\web\shinframework\shinfw\config\session.php
DEBUG - 2011-08-23 06:56:41 --> Session routines successfully run
DEBUG - 2011-08-23 06:56:41 --> SHIN_Controller class initialized
DEBUG - 2011-08-23 06:56:41 --> [CORE] Try load config file: D:\Work\web\shinframework\shinfw\config\ddmenu.php
DEBUG - 2011-08-23 06:56:41 --> [QUERY] "delete from sys_session where updated < '2011-08-23 04:56:41'"
DEBUG - 2011-08-23 06:56:41 --> [QUERY] Time run: 0.136949 seconds.
DEBUG - 2011-08-23 06:56:41 --> 
DEBUG - 2011-08-23 06:56:41 --> [QUERY] "SELECT * FROM (`sys_session`) WHERE `id` = '865c02f6cc098929435b7341fa0f852d'"
DEBUG - 2011-08-23 06:56:41 --> [QUERY] Time run: 0.003300 seconds.
DEBUG - 2011-08-23 06:56:41 --> 
DEBUG - 2011-08-23 06:56:41 --> [QUERY] "UPDATE `sys_session` SET `uid` = '', `updated` = '2011-08-23 06:56:41' WHERE `id` = '865c02f6cc098929435b7341fa0f852d'"
DEBUG - 2011-08-23 06:56:41 --> [QUERY] Time run: 0.001791 seconds.
DEBUG - 2011-08-23 06:56:41 --> 
DEBUG - 2011-08-23 06:56:41 --> SHIN_Core loaded successfull.
DEBUG - 2011-08-23 06:56:41 --> [CORE] Try load config file: D:\Work\web\shinframework\shinfw\config\message.php
DEBUG - 2011-08-23 06:56:41 --> [SMARTY] Try processed file: D:\Work\web\shinframework\shinfw\views\login.tpl
