DEBUG - 2011-08-09 09:01:24 --> SHIN_Templater run is "shinfw"
DEBUG - 2011-08-09 09:01:24 --> [CORE] Try load config file: D:\Work\web\shinframework\shinfw\config\router.php
DEBUG - 2011-08-09 09:01:24 --> URI Class Initialized
DEBUG - 2011-08-09 09:01:24 --> [CORE] Try load config file: D:\Work\web\shinframework\shinfw\config\router.php
DEBUG - 2011-08-09 09:01:24 --> [ROUTER] Try route class: D:\Work\web\shinframework\default\app\StartController.php
DEBUG - 2011-08-09 09:01:24 --> Router Class Initialized.
DEBUG - 2011-08-09 09:01:24 --> [CORE] Try load config file: D:\Work\web\shinframework\shinfw\config\auth.php
DEBUG - 2011-08-09 09:01:25 --> [CORE] Try load config file: D:\Work\web\shinframework\shinfw\config\seo.php
DEBUG - 2011-08-09 09:01:25 --> Session Class Initialized
DEBUG - 2011-08-09 09:01:25 --> [CORE] Try load config file: D:\Work\web\shinframework\shinfw\config\session.php
DEBUG - 2011-08-09 09:01:25 --> Session routines successfully run
DEBUG - 2011-08-09 09:01:25 --> SHIN_Controller class initialized
DEBUG - 2011-08-09 09:01:25 --> [CORE] Try load config file: D:\Work\web\shinframework\shinfw\config\ddmenu.php
DEBUG - 2011-08-09 09:01:25 --> [QUERY] "delete from sys_session where updated < '2011-08-09 07:01:25'"
DEBUG - 2011-08-09 09:01:25 --> [QUERY] Time run: 0.091915 seconds.
DEBUG - 2011-08-09 09:01:25 --> 
DEBUG - 2011-08-09 09:01:25 --> [QUERY] "SELECT * FROM (`sys_session`) WHERE `id` = 'b252439a899e2a587d09bed2717d18a7'"
DEBUG - 2011-08-09 09:01:25 --> [QUERY] Time run: 0.001448 seconds.
DEBUG - 2011-08-09 09:01:25 --> 
DEBUG - 2011-08-09 09:01:25 --> [QUERY] "UPDATE `sys_session` SET `uid` = '', `updated` = '2011-08-09 09:01:25' WHERE `id` = 'b252439a899e2a587d09bed2717d18a7'"
DEBUG - 2011-08-09 09:01:25 --> [QUERY] Time run: 0.001426 seconds.
DEBUG - 2011-08-09 09:01:25 --> 
DEBUG - 2011-08-09 09:01:25 --> SHIN_Core loaded successfull.
DEBUG - 2011-08-09 09:01:25 --> [CORE] Try load config file: D:\Work\web\shinframework\shinfw\config\message.php
DEBUG - 2011-08-09 09:01:25 --> [SMARTY] Try processed file: D:\Work\web\shinframework\shinfw\views\login.tpl
