DEBUG - 2011-09-17 15:02:06 --> SHIN_Templater run is "shinfw"
DEBUG - 2011-09-17 15:02:06 --> [CORE] Try load config file: D:\Work\web\shinframework\shinfw\config\router.php
DEBUG - 2011-09-17 15:02:06 --> URI Class Initialized
DEBUG - 2011-09-17 15:02:06 --> [CORE] Try load config file: D:\Work\web\shinframework\shinfw\config\router.php
DEBUG - 2011-09-17 15:02:06 --> [ROUTER] Try route class: D:\Work\web\shinframework\default\app\StartController.php
DEBUG - 2011-09-17 15:02:06 --> Router Class Initialized.
DEBUG - 2011-09-17 15:02:06 --> [CORE] Try load config file: D:\Work\web\shinframework\shinfw\config\auth.php
DEBUG - 2011-09-17 15:02:06 --> [CORE] Try load config file: D:\Work\web\shinframework\shinfw\config\seo.php
DEBUG - 2011-09-17 15:02:06 --> Session Class Initialized
DEBUG - 2011-09-17 15:02:07 --> [CORE] Try load config file: D:\Work\web\shinframework\shinfw\config\session.php
DEBUG - 2011-09-17 15:02:07 --> Session routines successfully run
DEBUG - 2011-09-17 15:02:07 --> SHIN_Controller class initialized
DEBUG - 2011-09-17 15:02:07 --> [CORE] Try load config file: D:\Work\web\shinframework\shinfw\config\ddmenu.php
DEBUG - 2011-09-17 15:02:07 --> [QUERY] "delete from sys_session where updated < '2011-09-17 13:02:07'"
DEBUG - 2011-09-17 15:02:07 --> [QUERY] Time run: 0.307511 seconds.
DEBUG - 2011-09-17 15:02:07 --> 
DEBUG - 2011-09-17 15:02:07 --> [QUERY] "SELECT * FROM (`sys_session`) WHERE `id` = 'd64431670adc42be1701ad2d875e5254'"
DEBUG - 2011-09-17 15:02:07 --> [QUERY] Time run: 0.061259 seconds.
DEBUG - 2011-09-17 15:02:07 --> 
DEBUG - 2011-09-17 15:02:07 --> [QUERY] "UPDATE `sys_session` SET `uid` = '', `updated` = '2011-09-17 15:02:07' WHERE `id` = 'd64431670adc42be1701ad2d875e5254'"
DEBUG - 2011-09-17 15:02:07 --> [QUERY] Time run: 0.014643 seconds.
DEBUG - 2011-09-17 15:02:07 --> 
DEBUG - 2011-09-17 15:02:07 --> SHIN_Core loaded successfull.
DEBUG - 2011-09-17 15:02:07 --> [CORE] Try load config file: D:\Work\web\shinframework\shinfw\config\message.php
DEBUG - 2011-09-17 15:02:07 --> [SMARTY] Try processed file: D:\Work\web\shinframework\shinfw\views\login.tpl
