DEBUG - 2011-08-17 07:11:58 --> SHIN_Templater run is "shinfw"
DEBUG - 2011-08-17 07:11:58 --> [CORE] Try load config file: D:\Work\web\shinframework\shinfw\config\router.php
DEBUG - 2011-08-17 07:11:58 --> URI Class Initialized
DEBUG - 2011-08-17 07:11:58 --> [CORE] Try load config file: D:\Work\web\shinframework\shinfw\config\router.php
DEBUG - 2011-08-17 07:11:58 --> [ROUTER] Try route class: D:\Work\web\shinframework\default\app\StartController.php
DEBUG - 2011-08-17 07:11:58 --> Router Class Initialized.
DEBUG - 2011-08-17 07:11:58 --> [CORE] Try load config file: D:\Work\web\shinframework\shinfw\config\auth.php
DEBUG - 2011-08-17 07:11:59 --> [CORE] Try load config file: D:\Work\web\shinframework\shinfw\config\seo.php
DEBUG - 2011-08-17 07:11:59 --> Session Class Initialized
DEBUG - 2011-08-17 07:11:59 --> [CORE] Try load config file: D:\Work\web\shinframework\shinfw\config\session.php
DEBUG - 2011-08-17 07:11:59 --> Session routines successfully run
DEBUG - 2011-08-17 07:11:59 --> SHIN_Controller class initialized
DEBUG - 2011-08-17 07:11:59 --> [CORE] Try load config file: D:\Work\web\shinframework\shinfw\config\ddmenu.php
DEBUG - 2011-08-17 07:11:59 --> [QUERY] "delete from sys_session where updated < '2011-08-17 05:11:59'"
DEBUG - 2011-08-17 07:11:59 --> [QUERY] Time run: 0.119281 seconds.
DEBUG - 2011-08-17 07:11:59 --> 
DEBUG - 2011-08-17 07:11:59 --> [QUERY] "SELECT * FROM (`sys_session`) WHERE `id` = '41a80c2f7b95f13171b31794b9869bb1'"
DEBUG - 2011-08-17 07:11:59 --> [QUERY] Time run: 0.003261 seconds.
DEBUG - 2011-08-17 07:11:59 --> 
DEBUG - 2011-08-17 07:11:59 --> [QUERY] "UPDATE `sys_session` SET `uid` = '', `updated` = '2011-08-17 07:11:59' WHERE `id` = '41a80c2f7b95f13171b31794b9869bb1'"
DEBUG - 2011-08-17 07:11:59 --> [QUERY] Time run: 0.001522 seconds.
DEBUG - 2011-08-17 07:11:59 --> 
DEBUG - 2011-08-17 07:11:59 --> SHIN_Core loaded successfull.
DEBUG - 2011-08-17 07:11:59 --> [CORE] Try load config file: D:\Work\web\shinframework\shinfw\config\message.php
DEBUG - 2011-08-17 07:11:59 --> [SMARTY] Try processed file: D:\Work\web\shinframework\shinfw\views\login.tpl
