DEBUG - 2011-12-08 09:02:18 --> SHIN_Templater run is "shinfw"
DEBUG - 2011-12-08 09:02:18 --> [CORE] Try load config file: D:\Work\web\shinframework\shinfw\config\router.php
DEBUG - 2011-12-08 09:02:19 --> URI Class Initialized
DEBUG - 2011-12-08 09:02:19 --> [CORE] Try load config file: D:\Work\web\shinframework\shinfw\config\router.php
DEBUG - 2011-12-08 09:02:19 --> [ROUTER] Try route class: D:\Work\web\shinframework\default\app\StartController.php
DEBUG - 2011-12-08 09:02:19 --> Router Class Initialized.
DEBUG - 2011-12-08 09:02:19 --> [CORE] Try load config file: D:\Work\web\shinframework\shinfw\config\auth.php
DEBUG - 2011-12-08 09:02:19 --> [CORE] Try load config file: D:\Work\web\shinframework\shinfw\config\seo.php
DEBUG - 2011-12-08 09:02:19 --> Session Class Initialized
DEBUG - 2011-12-08 09:02:19 --> [CORE] Try load config file: D:\Work\web\shinframework\shinfw\config\session.php
DEBUG - 2011-12-08 09:02:19 --> Session routines successfully run
DEBUG - 2011-12-08 09:02:19 --> SHIN_Controller class initialized
DEBUG - 2011-12-08 09:02:19 --> [CORE] Try load config file: D:\Work\web\shinframework\shinfw\config\ddmenu.php
DEBUG - 2011-12-08 09:02:19 --> [QUERY] "delete from sys_session where updated < '2011-12-08 07:02:19'"
DEBUG - 2011-12-08 09:02:19 --> [QUERY] Time run: 0.241258 seconds.
DEBUG - 2011-12-08 09:02:19 --> 
DEBUG - 2011-12-08 09:02:19 --> [QUERY] "SELECT * FROM (`sys_session`) WHERE `id` = '032be27b589ea3d973bbca89c44fc43e'"
DEBUG - 2011-12-08 09:02:19 --> [QUERY] Time run: 0.003728 seconds.
DEBUG - 2011-12-08 09:02:19 --> 
DEBUG - 2011-12-08 09:02:19 --> [QUERY] "UPDATE `sys_session` SET `uid` = '', `updated` = '2011-12-08 09:02:19' WHERE `id` = '032be27b589ea3d973bbca89c44fc43e'"
DEBUG - 2011-12-08 09:02:19 --> [QUERY] Time run: 0.010203 seconds.
DEBUG - 2011-12-08 09:02:19 --> 
DEBUG - 2011-12-08 09:02:19 --> SHIN_Core loaded successfull.
DEBUG - 2011-12-08 09:02:19 --> [CORE] Try load config file: D:\Work\web\shinframework\shinfw\config\message.php
DEBUG - 2011-12-08 09:02:19 --> [SMARTY] Try processed file: D:\Work\web\shinframework\shinfw\views\login.tpl
