DEBUG - 2011-09-20 07:09:13 --> SHIN_Templater run is "shinfw"
DEBUG - 2011-09-20 07:09:13 --> [CORE] Try load config file: D:\Work\web\shinframework\shinfw\config\router.php
DEBUG - 2011-09-20 07:09:13 --> URI Class Initialized
DEBUG - 2011-09-20 07:09:13 --> [CORE] Try load config file: D:\Work\web\shinframework\shinfw\config\router.php
DEBUG - 2011-09-20 07:09:13 --> [ROUTER] Try route class: D:\Work\web\shinframework\default\app\StartController.php
DEBUG - 2011-09-20 07:09:13 --> Router Class Initialized.
DEBUG - 2011-09-20 07:09:13 --> [CORE] Try load config file: D:\Work\web\shinframework\shinfw\config\auth.php
DEBUG - 2011-09-20 07:09:14 --> [CORE] Try load config file: D:\Work\web\shinframework\shinfw\config\seo.php
DEBUG - 2011-09-20 07:09:14 --> Session Class Initialized
DEBUG - 2011-09-20 07:09:14 --> [CORE] Try load config file: D:\Work\web\shinframework\shinfw\config\session.php
DEBUG - 2011-09-20 07:09:14 --> Session routines successfully run
DEBUG - 2011-09-20 07:09:14 --> SHIN_Controller class initialized
DEBUG - 2011-09-20 07:09:14 --> [CORE] Try load config file: D:\Work\web\shinframework\shinfw\config\ddmenu.php
DEBUG - 2011-09-20 07:09:14 --> [QUERY] "delete from sys_session where updated < '2011-09-20 05:09:14'"
DEBUG - 2011-09-20 07:09:14 --> [QUERY] Time run: 0.180284 seconds.
DEBUG - 2011-09-20 07:09:14 --> 
DEBUG - 2011-09-20 07:09:14 --> [QUERY] "SELECT * FROM (`sys_session`) WHERE `id` = 'a7bebf6977ace1d8e78af9aacc47d64f'"
DEBUG - 2011-09-20 07:09:14 --> [QUERY] Time run: 0.003636 seconds.
DEBUG - 2011-09-20 07:09:14 --> 
DEBUG - 2011-09-20 07:09:14 --> [QUERY] "UPDATE `sys_session` SET `uid` = '', `updated` = '2011-09-20 07:09:14' WHERE `id` = 'a7bebf6977ace1d8e78af9aacc47d64f'"
DEBUG - 2011-09-20 07:09:14 --> [QUERY] Time run: 0.015828 seconds.
DEBUG - 2011-09-20 07:09:14 --> 
DEBUG - 2011-09-20 07:09:14 --> SHIN_Core loaded successfull.
DEBUG - 2011-09-20 07:09:14 --> [CORE] Try load config file: D:\Work\web\shinframework\shinfw\config\message.php
DEBUG - 2011-09-20 07:09:14 --> [SMARTY] Try processed file: D:\Work\web\shinframework\shinfw\views\login.tpl
