DEBUG - 2011-10-27 21:00:24 --> SHIN_Templater run is "shinfw"
DEBUG - 2011-10-27 21:00:24 --> [CORE] Try load config file: D:\Work\web\shinframework\shinfw\config\router.php
DEBUG - 2011-10-27 21:00:24 --> URI Class Initialized
DEBUG - 2011-10-27 21:00:24 --> [CORE] Try load config file: D:\Work\web\shinframework\shinfw\config\router.php
DEBUG - 2011-10-27 21:00:25 --> [ROUTER] Try route class: D:\Work\web\shinframework\default\app\StartController.php
DEBUG - 2011-10-27 21:00:25 --> Router Class Initialized.
DEBUG - 2011-10-27 21:00:25 --> [CORE] Try load config file: D:\Work\web\shinframework\shinfw\config\auth.php
DEBUG - 2011-10-27 21:00:25 --> [CORE] Try load config file: D:\Work\web\shinframework\shinfw\config\seo.php
DEBUG - 2011-10-27 21:00:25 --> Session Class Initialized
DEBUG - 2011-10-27 21:00:25 --> [CORE] Try load config file: D:\Work\web\shinframework\shinfw\config\session.php
DEBUG - 2011-10-27 21:00:25 --> Session routines successfully run
DEBUG - 2011-10-27 21:00:25 --> SHIN_Controller class initialized
DEBUG - 2011-10-27 21:00:25 --> [CORE] Try load config file: D:\Work\web\shinframework\shinfw\config\ddmenu.php
DEBUG - 2011-10-27 21:00:25 --> [QUERY] "delete from sys_session where updated < '2011-10-27 19:00:25'"
DEBUG - 2011-10-27 21:00:25 --> [QUERY] Time run: 0.064771 seconds.
DEBUG - 2011-10-27 21:00:25 --> 
DEBUG - 2011-10-27 21:00:25 --> [QUERY] "SELECT * FROM (`sys_session`) WHERE `id` = '7b05cd727fd6023e19b3c394b4385d0e'"
DEBUG - 2011-10-27 21:00:25 --> [QUERY] Time run: 0.001053 seconds.
DEBUG - 2011-10-27 21:00:25 --> 
DEBUG - 2011-10-27 21:00:25 --> [QUERY] "UPDATE `sys_session` SET `uid` = '', `updated` = '2011-10-27 21:00:25' WHERE `id` = '7b05cd727fd6023e19b3c394b4385d0e'"
DEBUG - 2011-10-27 21:00:25 --> [QUERY] Time run: 0.001340 seconds.
DEBUG - 2011-10-27 21:00:25 --> 
DEBUG - 2011-10-27 21:00:25 --> SHIN_Core loaded successfull.
DEBUG - 2011-10-27 21:00:25 --> [CORE] Try load config file: D:\Work\web\shinframework\shinfw\config\message.php
DEBUG - 2011-10-27 21:00:25 --> [SMARTY] Try processed file: D:\Work\web\shinframework\shinfw\views\login.tpl
