DEBUG - 2011-12-09 09:02:22 --> SHIN_Templater run is "shinfw"
DEBUG - 2011-12-09 09:02:22 --> [CORE] Try load config file: D:\Work\web\shinframework\shinfw\config\router.php
DEBUG - 2011-12-09 09:02:22 --> URI Class Initialized
DEBUG - 2011-12-09 09:02:22 --> [CORE] Try load config file: D:\Work\web\shinframework\shinfw\config\router.php
DEBUG - 2011-12-09 09:02:22 --> [ROUTER] Try route class: D:\Work\web\shinframework\default\app\StartController.php
DEBUG - 2011-12-09 09:02:22 --> Router Class Initialized.
DEBUG - 2011-12-09 09:02:22 --> [CORE] Try load config file: D:\Work\web\shinframework\shinfw\config\auth.php
DEBUG - 2011-12-09 09:02:22 --> [CORE] Try load config file: D:\Work\web\shinframework\shinfw\config\seo.php
DEBUG - 2011-12-09 09:02:22 --> Session Class Initialized
DEBUG - 2011-12-09 09:02:22 --> [CORE] Try load config file: D:\Work\web\shinframework\shinfw\config\session.php
DEBUG - 2011-12-09 09:02:22 --> Session routines successfully run
DEBUG - 2011-12-09 09:02:22 --> SHIN_Controller class initialized
DEBUG - 2011-12-09 09:02:22 --> [CORE] Try load config file: D:\Work\web\shinframework\shinfw\config\ddmenu.php
DEBUG - 2011-12-09 09:02:22 --> [QUERY] "delete from sys_session where updated < '2011-12-09 07:02:22'"
DEBUG - 2011-12-09 09:02:22 --> [QUERY] Time run: 0.110876 seconds.
DEBUG - 2011-12-09 09:02:22 --> 
DEBUG - 2011-12-09 09:02:22 --> [QUERY] "SELECT * FROM (`sys_session`) WHERE `id` = '5db6787924ae9d4b0b254c0106ee5025'"
DEBUG - 2011-12-09 09:02:22 --> [QUERY] Time run: 0.000964 seconds.
DEBUG - 2011-12-09 09:02:22 --> 
DEBUG - 2011-12-09 09:02:22 --> [QUERY] "UPDATE `sys_session` SET `uid` = '', `updated` = '2011-12-09 09:02:22' WHERE `id` = '5db6787924ae9d4b0b254c0106ee5025'"
DEBUG - 2011-12-09 09:02:22 --> [QUERY] Time run: 0.001355 seconds.
DEBUG - 2011-12-09 09:02:22 --> 
DEBUG - 2011-12-09 09:02:22 --> SHIN_Core loaded successfull.
DEBUG - 2011-12-09 09:02:23 --> [CORE] Try load config file: D:\Work\web\shinframework\shinfw\config\message.php
DEBUG - 2011-12-09 09:02:23 --> [SMARTY] Try processed file: D:\Work\web\shinframework\shinfw\views\login.tpl
