DEBUG - 2012-02-01 07:33:40 --> SHIN_Templater run is "shinfw"
DEBUG - 2012-02-01 07:33:40 --> [CORE] Try load config file: D:\Work\web\shinframework\shinfw\config\router.php
DEBUG - 2012-02-01 07:33:40 --> URI Class Initialized
DEBUG - 2012-02-01 07:33:40 --> [CORE] Try load config file: D:\Work\web\shinframework\shinfw\config\router.php
DEBUG - 2012-02-01 07:33:40 --> [ROUTER] Try route class: D:\Work\web\shinframework\default\app\StartController.php
DEBUG - 2012-02-01 07:33:40 --> Router Class Initialized.
DEBUG - 2012-02-01 07:33:40 --> [CORE] Try load config file: D:\Work\web\shinframework\shinfw\config\auth.php
DEBUG - 2012-02-01 07:33:40 --> [CORE] Try load config file: D:\Work\web\shinframework\shinfw\config\seo.php
DEBUG - 2012-02-01 07:33:40 --> Session Class Initialized
DEBUG - 2012-02-01 07:33:40 --> [CORE] Try load config file: D:\Work\web\shinframework\shinfw\config\session.php
DEBUG - 2012-02-01 07:33:41 --> Session routines successfully run
DEBUG - 2012-02-01 07:33:41 --> SHIN_Controller class initialized
DEBUG - 2012-02-01 07:33:41 --> [CORE] Try load config file: D:\Work\web\shinframework\shinfw\config\ddmenu.php
DEBUG - 2012-02-01 07:33:41 --> [QUERY] "delete from sys_session where updated < '2012-02-01 05:33:41'"
DEBUG - 2012-02-01 07:33:41 --> [QUERY] Time run: 0.140428 seconds.
DEBUG - 2012-02-01 07:33:41 --> 
DEBUG - 2012-02-01 07:33:41 --> [QUERY] "SELECT * FROM (`sys_session`) WHERE `id` = 'fc9316e863b22347dc1c24cfd8d558f1'"
DEBUG - 2012-02-01 07:33:41 --> [QUERY] Time run: 0.001120 seconds.
DEBUG - 2012-02-01 07:33:41 --> 
DEBUG - 2012-02-01 07:33:41 --> [QUERY] "UPDATE `sys_session` SET `uid` = '', `updated` = '2012-02-01 07:33:41' WHERE `id` = 'fc9316e863b22347dc1c24cfd8d558f1'"
DEBUG - 2012-02-01 07:33:41 --> [QUERY] Time run: 0.020444 seconds.
DEBUG - 2012-02-01 07:33:41 --> 
DEBUG - 2012-02-01 07:33:41 --> SHIN_Core loaded successfull.
DEBUG - 2012-02-01 07:33:41 --> [CORE] Try load config file: D:\Work\web\shinframework\shinfw\config\message.php
DEBUG - 2012-02-01 07:33:41 --> [SMARTY] Try processed file: D:\Work\web\shinframework\shinfw\views\login.tpl
