DEBUG - 2011-08-18 07:12:02 --> SHIN_Templater run is "shinfw"
DEBUG - 2011-08-18 07:12:02 --> [CORE] Try load config file: D:\Work\web\shinframework\shinfw\config\router.php
DEBUG - 2011-08-18 07:12:02 --> URI Class Initialized
DEBUG - 2011-08-18 07:12:02 --> [CORE] Try load config file: D:\Work\web\shinframework\shinfw\config\router.php
DEBUG - 2011-08-18 07:12:02 --> [ROUTER] Try route class: D:\Work\web\shinframework\default\app\StartController.php
DEBUG - 2011-08-18 07:12:02 --> Router Class Initialized.
DEBUG - 2011-08-18 07:12:02 --> [CORE] Try load config file: D:\Work\web\shinframework\shinfw\config\auth.php
DEBUG - 2011-08-18 07:12:02 --> [CORE] Try load config file: D:\Work\web\shinframework\shinfw\config\seo.php
DEBUG - 2011-08-18 07:12:02 --> Session Class Initialized
DEBUG - 2011-08-18 07:12:02 --> [CORE] Try load config file: D:\Work\web\shinframework\shinfw\config\session.php
DEBUG - 2011-08-18 07:12:02 --> Session routines successfully run
DEBUG - 2011-08-18 07:12:02 --> SHIN_Controller class initialized
DEBUG - 2011-08-18 07:12:03 --> [CORE] Try load config file: D:\Work\web\shinframework\shinfw\config\ddmenu.php
DEBUG - 2011-08-18 07:12:03 --> [QUERY] "delete from sys_session where updated < '2011-08-18 05:12:03'"
DEBUG - 2011-08-18 07:12:03 --> [QUERY] Time run: 0.196584 seconds.
DEBUG - 2011-08-18 07:12:03 --> 
DEBUG - 2011-08-18 07:12:03 --> [QUERY] "SELECT * FROM (`sys_session`) WHERE `id` = 'a74ea505320741fde2b2b6a3e3b4bd2d'"
DEBUG - 2011-08-18 07:12:03 --> [QUERY] Time run: 0.002855 seconds.
DEBUG - 2011-08-18 07:12:03 --> 
DEBUG - 2011-08-18 07:12:03 --> [QUERY] "UPDATE `sys_session` SET `uid` = '', `updated` = '2011-08-18 07:12:03' WHERE `id` = 'a74ea505320741fde2b2b6a3e3b4bd2d'"
DEBUG - 2011-08-18 07:12:03 --> [QUERY] Time run: 0.001912 seconds.
DEBUG - 2011-08-18 07:12:03 --> 
DEBUG - 2011-08-18 07:12:03 --> SHIN_Core loaded successfull.
DEBUG - 2011-08-18 07:12:03 --> [CORE] Try load config file: D:\Work\web\shinframework\shinfw\config\message.php
DEBUG - 2011-08-18 07:12:03 --> [SMARTY] Try processed file: D:\Work\web\shinframework\shinfw\views\login.tpl
