DEBUG - 2011-12-19 07:00:02 --> SHIN_Templater run is "shinfw"
DEBUG - 2011-12-19 07:00:02 --> [CORE] Try load config file: D:\Work\web\shinframework\shinfw\config\router.php
DEBUG - 2011-12-19 07:00:02 --> URI Class Initialized
DEBUG - 2011-12-19 07:00:02 --> [CORE] Try load config file: D:\Work\web\shinframework\shinfw\config\router.php
DEBUG - 2011-12-19 07:00:02 --> [ROUTER] Try route class: D:\Work\web\shinframework\default\app\StartController.php
DEBUG - 2011-12-19 07:00:02 --> Router Class Initialized.
DEBUG - 2011-12-19 07:00:02 --> [CORE] Try load config file: D:\Work\web\shinframework\shinfw\config\auth.php
DEBUG - 2011-12-19 07:00:02 --> [CORE] Try load config file: D:\Work\web\shinframework\shinfw\config\seo.php
DEBUG - 2011-12-19 07:00:02 --> Session Class Initialized
DEBUG - 2011-12-19 07:00:02 --> [CORE] Try load config file: D:\Work\web\shinframework\shinfw\config\session.php
DEBUG - 2011-12-19 07:00:02 --> Session routines successfully run
DEBUG - 2011-12-19 07:00:02 --> SHIN_Controller class initialized
DEBUG - 2011-12-19 07:00:02 --> [CORE] Try load config file: D:\Work\web\shinframework\shinfw\config\ddmenu.php
DEBUG - 2011-12-19 07:00:03 --> [QUERY] "delete from sys_session where updated < '2011-12-19 05:00:02'"
DEBUG - 2011-12-19 07:00:03 --> [QUERY] Time run: 0.182586 seconds.
DEBUG - 2011-12-19 07:00:03 --> 
DEBUG - 2011-12-19 07:00:03 --> [QUERY] "SELECT * FROM (`sys_session`) WHERE `id` = 'b229ea55de273f3991f864e717d2dd83'"
DEBUG - 2011-12-19 07:00:03 --> [QUERY] Time run: 0.004217 seconds.
DEBUG - 2011-12-19 07:00:03 --> 
DEBUG - 2011-12-19 07:00:03 --> [QUERY] "UPDATE `sys_session` SET `uid` = '', `updated` = '2011-12-19 07:00:03' WHERE `id` = 'b229ea55de273f3991f864e717d2dd83'"
DEBUG - 2011-12-19 07:00:03 --> [QUERY] Time run: 0.015664 seconds.
DEBUG - 2011-12-19 07:00:03 --> 
DEBUG - 2011-12-19 07:00:03 --> SHIN_Core loaded successfull.
DEBUG - 2011-12-19 07:00:03 --> [CORE] Try load config file: D:\Work\web\shinframework\shinfw\config\message.php
DEBUG - 2011-12-19 07:00:03 --> [SMARTY] Try processed file: D:\Work\web\shinframework\shinfw\views\login.tpl
