DEBUG - 2012-02-07 07:41:45 --> SHIN_Templater run is "shinfw"
DEBUG - 2012-02-07 07:41:45 --> [CORE] Try load config file: D:\Work\web\shinframework\shinfw\config\router.php
DEBUG - 2012-02-07 07:41:45 --> URI Class Initialized
DEBUG - 2012-02-07 07:41:45 --> [CORE] Try load config file: D:\Work\web\shinframework\shinfw\config\router.php
DEBUG - 2012-02-07 07:41:45 --> [ROUTER] Try route class: D:\Work\web\shinframework\default\app\StartController.php
DEBUG - 2012-02-07 07:41:46 --> Router Class Initialized.
DEBUG - 2012-02-07 07:41:46 --> [CORE] Try load config file: D:\Work\web\shinframework\shinfw\config\auth.php
DEBUG - 2012-02-07 07:41:46 --> [CORE] Try load config file: D:\Work\web\shinframework\shinfw\config\seo.php
DEBUG - 2012-02-07 07:41:46 --> Session Class Initialized
DEBUG - 2012-02-07 07:41:46 --> [CORE] Try load config file: D:\Work\web\shinframework\shinfw\config\session.php
DEBUG - 2012-02-07 07:41:46 --> Session routines successfully run
DEBUG - 2012-02-07 07:41:46 --> SHIN_Controller class initialized
DEBUG - 2012-02-07 07:41:46 --> [CORE] Try load config file: D:\Work\web\shinframework\shinfw\config\ddmenu.php
DEBUG - 2012-02-07 07:41:46 --> [QUERY] "delete from sys_session where updated < '2012-02-07 05:41:46'"
DEBUG - 2012-02-07 07:41:47 --> [QUERY] Time run: 0.221160 seconds.
DEBUG - 2012-02-07 07:41:47 --> 
DEBUG - 2012-02-07 07:41:47 --> [QUERY] "SELECT * FROM (`sys_session`) WHERE `id` = 'c93365ad2090cb5c0bc7678a893cae82'"
DEBUG - 2012-02-07 07:41:47 --> [QUERY] Time run: 0.001111 seconds.
DEBUG - 2012-02-07 07:41:47 --> 
DEBUG - 2012-02-07 07:41:47 --> [QUERY] "UPDATE `sys_session` SET `uid` = '', `updated` = '2012-02-07 07:41:47' WHERE `id` = 'c93365ad2090cb5c0bc7678a893cae82'"
DEBUG - 2012-02-07 07:41:47 --> [QUERY] Time run: 0.001199 seconds.
DEBUG - 2012-02-07 07:41:47 --> 
DEBUG - 2012-02-07 07:41:47 --> SHIN_Core loaded successfull.
DEBUG - 2012-02-07 07:41:47 --> [CORE] Try load config file: D:\Work\web\shinframework\shinfw\config\message.php
DEBUG - 2012-02-07 07:41:47 --> [SMARTY] Try processed file: D:\Work\web\shinframework\shinfw\views\login.tpl
DEBUG - 2012-02-07 07:41:47 --> [QUERY] "EXPLAIN SELECT * FROM (`sys_session`) WHERE `id` = 'c93365ad2090cb5c0bc7678a893cae82'"
DEBUG - 2012-02-07 07:41:47 --> [QUERY] Time run: 0.001407 seconds.
DEBUG - 2012-02-07 07:41:47 --> 
DEBUG - 2012-02-07 07:47:26 --> SHIN_Templater run is "shinfw"
DEBUG - 2012-02-07 07:47:26 --> [CORE] Try load config file: D:\Work\web\shinframework\shinfw\config\router.php
DEBUG - 2012-02-07 07:47:26 --> URI Class Initialized
DEBUG - 2012-02-07 07:47:26 --> [CORE] Try load config file: D:\Work\web\shinframework\shinfw\config\router.php
DEBUG - 2012-02-07 07:47:26 --> [ROUTER] Try route class: D:\Work\web\shinframework\default\app\StartController.php
DEBUG - 2012-02-07 07:47:26 --> Router Class Initialized.
DEBUG - 2012-02-07 07:47:26 --> [CORE] Try load config file: D:\Work\web\shinframework\shinfw\config\auth.php
DEBUG - 2012-02-07 07:47:26 --> [CORE] Try load config file: D:\Work\web\shinframework\shinfw\config\seo.php
DEBUG - 2012-02-07 07:47:26 --> Session Class Initialized
DEBUG - 2012-02-07 07:47:26 --> [CORE] Try load config file: D:\Work\web\shinframework\shinfw\config\session.php
DEBUG - 2012-02-07 07:47:27 --> Session routines successfully run
DEBUG - 2012-02-07 07:47:27 --> SHIN_Controller class initialized
DEBUG - 2012-02-07 07:47:27 --> [CORE] Try load config file: D:\Work\web\shinframework\shinfw\config\ddmenu.php
DEBUG - 2012-02-07 07:47:27 --> [QUERY] "delete from sys_session where updated < '2012-02-07 05:47:27'"
DEBUG - 2012-02-07 07:47:27 --> [QUERY] Time run: 0.001054 seconds.
DEBUG - 2012-02-07 07:47:27 --> 
DEBUG - 2012-02-07 07:47:27 --> [QUERY] "SELECT * FROM (`sys_session`) WHERE `id` = 'c93365ad2090cb5c0bc7678a893cae82'"
DEBUG - 2012-02-07 07:47:27 --> [QUERY] Time run: 0.001477 seconds.
DEBUG - 2012-02-07 07:47:27 --> 
DEBUG - 2012-02-07 07:47:27 --> [QUERY] "UPDATE `sys_session` SET `uid` = '', `updated` = '2012-02-07 07:47:27' WHERE `id` = 'c93365ad2090cb5c0bc7678a893cae82'"
DEBUG - 2012-02-07 07:47:27 --> [QUERY] Time run: 0.001210 seconds.
DEBUG - 2012-02-07 07:47:27 --> 
DEBUG - 2012-02-07 07:47:27 --> SHIN_Core loaded successfull.
DEBUG - 2012-02-07 07:47:27 --> [CORE] Try load config file: D:\Work\web\shinframework\shinfw\config\message.php
DEBUG - 2012-02-07 07:47:27 --> [SMARTY] Try processed file: D:\Work\web\shinframework\shinfw\views\login.tpl
DEBUG - 2012-02-07 07:47:27 --> [QUERY] "EXPLAIN SELECT * FROM (`sys_session`) WHERE `id` = 'c93365ad2090cb5c0bc7678a893cae82'"
DEBUG - 2012-02-07 07:47:27 --> [QUERY] Time run: 0.001394 seconds.
DEBUG - 2012-02-07 07:47:27 --> 
