DEBUG - 2011-09-22 05:59:35 --> SHIN_Templater run is "shinfw"
DEBUG - 2011-09-22 05:59:35 --> [CORE] Try load config file: D:\Work\web\shinframework\shinfw\config\router.php
DEBUG - 2011-09-22 05:59:36 --> URI Class Initialized
DEBUG - 2011-09-22 05:59:36 --> [CORE] Try load config file: D:\Work\web\shinframework\shinfw\config\router.php
DEBUG - 2011-09-22 05:59:36 --> [ROUTER] Try route class: D:\Work\web\shinframework\default\app\StartController.php
DEBUG - 2011-09-22 05:59:36 --> Router Class Initialized.
DEBUG - 2011-09-22 05:59:36 --> [CORE] Try load config file: D:\Work\web\shinframework\shinfw\config\auth.php
DEBUG - 2011-09-22 05:59:36 --> [CORE] Try load config file: D:\Work\web\shinframework\shinfw\config\seo.php
DEBUG - 2011-09-22 05:59:36 --> Session Class Initialized
DEBUG - 2011-09-22 05:59:36 --> [CORE] Try load config file: D:\Work\web\shinframework\shinfw\config\session.php
DEBUG - 2011-09-22 05:59:36 --> Session routines successfully run
DEBUG - 2011-09-22 05:59:36 --> SHIN_Controller class initialized
DEBUG - 2011-09-22 05:59:36 --> [CORE] Try load config file: D:\Work\web\shinframework\shinfw\config\ddmenu.php
DEBUG - 2011-09-22 05:59:36 --> [QUERY] "delete from sys_session where updated < '2011-09-22 03:59:36'"
DEBUG - 2011-09-22 05:59:37 --> [QUERY] Time run: 0.410196 seconds.
DEBUG - 2011-09-22 05:59:37 --> 
DEBUG - 2011-09-22 05:59:37 --> [QUERY] "SELECT * FROM (`sys_session`) WHERE `id` = 'a2ab6a6a4a2eb023ad693d6194781d7e'"
DEBUG - 2011-09-22 05:59:37 --> [QUERY] Time run: 0.031777 seconds.
DEBUG - 2011-09-22 05:59:37 --> 
DEBUG - 2011-09-22 05:59:37 --> [QUERY] "UPDATE `sys_session` SET `uid` = '', `updated` = '2011-09-22 05:59:37' WHERE `id` = 'a2ab6a6a4a2eb023ad693d6194781d7e'"
DEBUG - 2011-09-22 05:59:37 --> [QUERY] Time run: 0.002754 seconds.
DEBUG - 2011-09-22 05:59:37 --> 
DEBUG - 2011-09-22 05:59:37 --> SHIN_Core loaded successfull.
DEBUG - 2011-09-22 05:59:37 --> [CORE] Try load config file: D:\Work\web\shinframework\shinfw\config\message.php
DEBUG - 2011-09-22 05:59:37 --> [SMARTY] Try processed file: D:\Work\web\shinframework\shinfw\views\login.tpl
