DEBUG - 2012-01-19 14:49:11 --> SHIN_Templater run is "shinfw"
DEBUG - 2012-01-19 14:49:11 --> [CORE] Try load config file: D:\Work\web\shinframework\shinfw\config\router.php
DEBUG - 2012-01-19 14:49:11 --> URI Class Initialized
DEBUG - 2012-01-19 14:49:11 --> [CORE] Try load config file: D:\Work\web\shinframework\shinfw\config\router.php
DEBUG - 2012-01-19 14:49:11 --> [ROUTER] Try route class: D:\Work\web\shinframework\default\app\StartController.php
DEBUG - 2012-01-19 14:49:11 --> Router Class Initialized.
DEBUG - 2012-01-19 14:49:11 --> [CORE] Try load config file: D:\Work\web\shinframework\shinfw\config\auth.php
DEBUG - 2012-01-19 14:49:12 --> [CORE] Try load config file: D:\Work\web\shinframework\shinfw\config\seo.php
DEBUG - 2012-01-19 14:49:12 --> Session Class Initialized
DEBUG - 2012-01-19 14:49:12 --> [CORE] Try load config file: D:\Work\web\shinframework\shinfw\config\session.php
DEBUG - 2012-01-19 14:49:12 --> Session routines successfully run
DEBUG - 2012-01-19 14:49:12 --> SHIN_Controller class initialized
DEBUG - 2012-01-19 14:49:12 --> [CORE] Try load config file: D:\Work\web\shinframework\shinfw\config\ddmenu.php
DEBUG - 2012-01-19 14:49:12 --> [QUERY] "delete from sys_session where updated < '2012-01-19 12:49:12'"
DEBUG - 2012-01-19 14:49:12 --> [QUERY] Time run: 0.307075 seconds.
DEBUG - 2012-01-19 14:49:12 --> 
DEBUG - 2012-01-19 14:49:12 --> [QUERY] "SELECT * FROM (`sys_session`) WHERE `id` = '78577431483d9809d0f595f7b2e7db6c'"
DEBUG - 2012-01-19 14:49:12 --> [QUERY] Time run: 0.010323 seconds.
DEBUG - 2012-01-19 14:49:12 --> 
DEBUG - 2012-01-19 14:49:12 --> [QUERY] "UPDATE `sys_session` SET `uid` = '', `updated` = '2012-01-19 14:49:12' WHERE `id` = '78577431483d9809d0f595f7b2e7db6c'"
DEBUG - 2012-01-19 14:49:12 --> [QUERY] Time run: 0.001267 seconds.
DEBUG - 2012-01-19 14:49:12 --> 
DEBUG - 2012-01-19 14:49:12 --> SHIN_Core loaded successfull.
DEBUG - 2012-01-19 14:49:12 --> [CORE] Try load config file: D:\Work\web\shinframework\shinfw\config\message.php
DEBUG - 2012-01-19 14:49:12 --> [SMARTY] Try processed file: D:\Work\web\shinframework\shinfw\views\login.tpl
