DEBUG - 2011-10-13 07:45:15 --> SHIN_Templater run is "shinfw"
DEBUG - 2011-10-13 07:45:15 --> [CORE] Try load config file: D:\Work\web\shinframework\shinfw\config\router.php
DEBUG - 2011-10-13 07:45:15 --> URI Class Initialized
DEBUG - 2011-10-13 07:45:15 --> [CORE] Try load config file: D:\Work\web\shinframework\shinfw\config\router.php
DEBUG - 2011-10-13 07:45:15 --> [ROUTER] Try route class: D:\Work\web\shinframework\default\app\StartController.php
DEBUG - 2011-10-13 07:45:16 --> Router Class Initialized.
DEBUG - 2011-10-13 07:45:16 --> [CORE] Try load config file: D:\Work\web\shinframework\shinfw\config\auth.php
DEBUG - 2011-10-13 07:45:16 --> [CORE] Try load config file: D:\Work\web\shinframework\shinfw\config\seo.php
DEBUG - 2011-10-13 07:45:16 --> Session Class Initialized
DEBUG - 2011-10-13 07:45:16 --> [CORE] Try load config file: D:\Work\web\shinframework\shinfw\config\session.php
DEBUG - 2011-10-13 07:45:16 --> Session routines successfully run
DEBUG - 2011-10-13 07:45:16 --> SHIN_Controller class initialized
DEBUG - 2011-10-13 07:45:16 --> [CORE] Try load config file: D:\Work\web\shinframework\shinfw\config\ddmenu.php
DEBUG - 2011-10-13 07:45:16 --> [QUERY] "delete from sys_session where updated < '2011-10-13 05:45:16'"
DEBUG - 2011-10-13 07:45:16 --> [QUERY] Time run: 0.068761 seconds.
DEBUG - 2011-10-13 07:45:16 --> 
DEBUG - 2011-10-13 07:45:16 --> [QUERY] "SELECT * FROM (`sys_session`) WHERE `id` = '8eb722a138b58381d039f9a3d425cb94'"
DEBUG - 2011-10-13 07:45:16 --> [QUERY] Time run: 0.001936 seconds.
DEBUG - 2011-10-13 07:45:16 --> 
DEBUG - 2011-10-13 07:45:16 --> [QUERY] "UPDATE `sys_session` SET `uid` = '', `updated` = '2011-10-13 07:45:16' WHERE `id` = '8eb722a138b58381d039f9a3d425cb94'"
DEBUG - 2011-10-13 07:45:16 --> [QUERY] Time run: 0.001484 seconds.
DEBUG - 2011-10-13 07:45:16 --> 
DEBUG - 2011-10-13 07:45:16 --> SHIN_Core loaded successfull.
DEBUG - 2011-10-13 07:45:16 --> [CORE] Try load config file: D:\Work\web\shinframework\shinfw\config\message.php
DEBUG - 2011-10-13 07:45:16 --> [SMARTY] Try processed file: D:\Work\web\shinframework\shinfw\views\login.tpl
