DEBUG - 2011-10-05 07:37:17 --> SHIN_Templater run is "shinfw"
DEBUG - 2011-10-05 07:37:17 --> [CORE] Try load config file: D:\Work\web\shinframework\shinfw\config\router.php
DEBUG - 2011-10-05 07:37:17 --> URI Class Initialized
DEBUG - 2011-10-05 07:37:17 --> [CORE] Try load config file: D:\Work\web\shinframework\shinfw\config\router.php
DEBUG - 2011-10-05 07:37:17 --> [ROUTER] Try route class: D:\Work\web\shinframework\default\app\StartController.php
DEBUG - 2011-10-05 07:37:17 --> Router Class Initialized.
DEBUG - 2011-10-05 07:37:17 --> [CORE] Try load config file: D:\Work\web\shinframework\shinfw\config\auth.php
DEBUG - 2011-10-05 07:37:17 --> [CORE] Try load config file: D:\Work\web\shinframework\shinfw\config\seo.php
DEBUG - 2011-10-05 07:37:17 --> Session Class Initialized
DEBUG - 2011-10-05 07:37:17 --> [CORE] Try load config file: D:\Work\web\shinframework\shinfw\config\session.php
DEBUG - 2011-10-05 07:37:17 --> Session routines successfully run
DEBUG - 2011-10-05 07:37:17 --> SHIN_Controller class initialized
DEBUG - 2011-10-05 07:37:17 --> [CORE] Try load config file: D:\Work\web\shinframework\shinfw\config\ddmenu.php
DEBUG - 2011-10-05 07:37:17 --> [QUERY] "delete from sys_session where updated < '2011-10-05 05:37:17'"
DEBUG - 2011-10-05 07:37:17 --> [QUERY] Time run: 0.064021 seconds.
DEBUG - 2011-10-05 07:37:17 --> 
DEBUG - 2011-10-05 07:37:17 --> [QUERY] "SELECT * FROM (`sys_session`) WHERE `id` = '8cd77534104f6b4694ed93ecab99cddc'"
DEBUG - 2011-10-05 07:37:17 --> [QUERY] Time run: 0.001708 seconds.
DEBUG - 2011-10-05 07:37:17 --> 
DEBUG - 2011-10-05 07:37:17 --> [QUERY] "UPDATE `sys_session` SET `uid` = '', `updated` = '2011-10-05 07:37:17' WHERE `id` = '8cd77534104f6b4694ed93ecab99cddc'"
DEBUG - 2011-10-05 07:37:17 --> [QUERY] Time run: 0.001347 seconds.
DEBUG - 2011-10-05 07:37:17 --> 
DEBUG - 2011-10-05 07:37:17 --> SHIN_Core loaded successfull.
DEBUG - 2011-10-05 07:37:17 --> [CORE] Try load config file: D:\Work\web\shinframework\shinfw\config\message.php
DEBUG - 2011-10-05 07:37:17 --> [SMARTY] Try processed file: D:\Work\web\shinframework\shinfw\views\login.tpl
