DEBUG - 2011-10-11 07:45:09 --> SHIN_Templater run is "shinfw"
DEBUG - 2011-10-11 07:45:09 --> [CORE] Try load config file: D:\Work\web\shinframework\shinfw\config\router.php
DEBUG - 2011-10-11 07:45:09 --> URI Class Initialized
DEBUG - 2011-10-11 07:45:09 --> [CORE] Try load config file: D:\Work\web\shinframework\shinfw\config\router.php
DEBUG - 2011-10-11 07:45:09 --> [ROUTER] Try route class: D:\Work\web\shinframework\default\app\StartController.php
DEBUG - 2011-10-11 07:45:09 --> Router Class Initialized.
DEBUG - 2011-10-11 07:45:09 --> [CORE] Try load config file: D:\Work\web\shinframework\shinfw\config\auth.php
DEBUG - 2011-10-11 07:45:10 --> [CORE] Try load config file: D:\Work\web\shinframework\shinfw\config\seo.php
DEBUG - 2011-10-11 07:45:10 --> Session Class Initialized
DEBUG - 2011-10-11 07:45:10 --> [CORE] Try load config file: D:\Work\web\shinframework\shinfw\config\session.php
DEBUG - 2011-10-11 07:45:10 --> Session routines successfully run
DEBUG - 2011-10-11 07:45:10 --> SHIN_Controller class initialized
DEBUG - 2011-10-11 07:45:10 --> [CORE] Try load config file: D:\Work\web\shinframework\shinfw\config\ddmenu.php
DEBUG - 2011-10-11 07:45:10 --> [QUERY] "delete from sys_session where updated < '2011-10-11 05:45:10'"
DEBUG - 2011-10-11 07:45:10 --> [QUERY] Time run: 0.122294 seconds.
DEBUG - 2011-10-11 07:45:10 --> 
DEBUG - 2011-10-11 07:45:10 --> [QUERY] "SELECT * FROM (`sys_session`) WHERE `id` = '0349f75cc8033456fe6f51ad2fedf3a6'"
DEBUG - 2011-10-11 07:45:10 --> [QUERY] Time run: 0.001594 seconds.
DEBUG - 2011-10-11 07:45:10 --> 
DEBUG - 2011-10-11 07:45:10 --> [QUERY] "UPDATE `sys_session` SET `uid` = '', `updated` = '2011-10-11 07:45:10' WHERE `id` = '0349f75cc8033456fe6f51ad2fedf3a6'"
DEBUG - 2011-10-11 07:45:10 --> [QUERY] Time run: 0.001659 seconds.
DEBUG - 2011-10-11 07:45:10 --> 
DEBUG - 2011-10-11 07:45:10 --> SHIN_Core loaded successfull.
DEBUG - 2011-10-11 07:45:10 --> [CORE] Try load config file: D:\Work\web\shinframework\shinfw\config\message.php
DEBUG - 2011-10-11 07:45:10 --> [SMARTY] Try processed file: D:\Work\web\shinframework\shinfw\views\login.tpl
