DEBUG - 2011-10-09 07:44:55 --> SHIN_Templater run is "shinfw"
DEBUG - 2011-10-09 07:44:56 --> [CORE] Try load config file: D:\Work\web\shinframework\shinfw\config\router.php
DEBUG - 2011-10-09 07:44:56 --> URI Class Initialized
DEBUG - 2011-10-09 07:44:56 --> [CORE] Try load config file: D:\Work\web\shinframework\shinfw\config\router.php
DEBUG - 2011-10-09 07:44:56 --> [ROUTER] Try route class: D:\Work\web\shinframework\default\app\StartController.php
DEBUG - 2011-10-09 07:44:56 --> Router Class Initialized.
DEBUG - 2011-10-09 07:44:56 --> [CORE] Try load config file: D:\Work\web\shinframework\shinfw\config\auth.php
DEBUG - 2011-10-09 07:44:57 --> [CORE] Try load config file: D:\Work\web\shinframework\shinfw\config\seo.php
DEBUG - 2011-10-09 07:44:57 --> Session Class Initialized
DEBUG - 2011-10-09 07:44:57 --> [CORE] Try load config file: D:\Work\web\shinframework\shinfw\config\session.php
DEBUG - 2011-10-09 07:44:57 --> Session routines successfully run
DEBUG - 2011-10-09 07:44:57 --> SHIN_Controller class initialized
DEBUG - 2011-10-09 07:44:57 --> [CORE] Try load config file: D:\Work\web\shinframework\shinfw\config\ddmenu.php
DEBUG - 2011-10-09 07:44:57 --> [QUERY] "delete from sys_session where updated < '2011-10-09 05:44:57'"
DEBUG - 2011-10-09 07:44:59 --> [QUERY] Time run: 1.980610 seconds.
DEBUG - 2011-10-09 07:44:59 --> 
DEBUG - 2011-10-09 07:44:59 --> [QUERY] "SELECT * FROM (`sys_session`) WHERE `id` = 'b604074881a72f3fe76810f19d99c1aa'"
DEBUG - 2011-10-09 07:44:59 --> [QUERY] Time run: 0.017562 seconds.
DEBUG - 2011-10-09 07:44:59 --> 
DEBUG - 2011-10-09 07:44:59 --> [QUERY] "UPDATE `sys_session` SET `uid` = '', `updated` = '2011-10-09 07:44:59' WHERE `id` = 'b604074881a72f3fe76810f19d99c1aa'"
DEBUG - 2011-10-09 07:44:59 --> [QUERY] Time run: 0.030842 seconds.
DEBUG - 2011-10-09 07:44:59 --> 
DEBUG - 2011-10-09 07:44:59 --> SHIN_Core loaded successfull.
DEBUG - 2011-10-09 07:45:00 --> [CORE] Try load config file: D:\Work\web\shinframework\shinfw\config\message.php
DEBUG - 2011-10-09 07:45:00 --> [SMARTY] Try processed file: D:\Work\web\shinframework\shinfw\views\login.tpl
