DEBUG - 2011-11-22 07:16:16 --> SHIN_Templater run is "shinfw"
DEBUG - 2011-11-22 07:16:16 --> [CORE] Try load config file: D:\Work\web\shinframework\shinfw\config\router.php
DEBUG - 2011-11-22 07:16:16 --> URI Class Initialized
DEBUG - 2011-11-22 07:16:16 --> [CORE] Try load config file: D:\Work\web\shinframework\shinfw\config\router.php
DEBUG - 2011-11-22 07:16:16 --> [ROUTER] Try route class: D:\Work\web\shinframework\default\app\StartController.php
DEBUG - 2011-11-22 07:16:16 --> Router Class Initialized.
DEBUG - 2011-11-22 07:16:16 --> [CORE] Try load config file: D:\Work\web\shinframework\shinfw\config\auth.php
DEBUG - 2011-11-22 07:16:16 --> [CORE] Try load config file: D:\Work\web\shinframework\shinfw\config\seo.php
DEBUG - 2011-11-22 07:16:16 --> Session Class Initialized
DEBUG - 2011-11-22 07:16:16 --> [CORE] Try load config file: D:\Work\web\shinframework\shinfw\config\session.php
DEBUG - 2011-11-22 07:16:17 --> Session routines successfully run
DEBUG - 2011-11-22 07:16:17 --> SHIN_Controller class initialized
DEBUG - 2011-11-22 07:16:17 --> [CORE] Try load config file: D:\Work\web\shinframework\shinfw\config\ddmenu.php
DEBUG - 2011-11-22 07:16:17 --> [QUERY] "delete from sys_session where updated < '2011-11-22 05:16:17'"
DEBUG - 2011-11-22 07:16:17 --> [QUERY] Time run: 0.512395 seconds.
DEBUG - 2011-11-22 07:16:17 --> 
DEBUG - 2011-11-22 07:16:17 --> [QUERY] "SELECT * FROM (`sys_session`) WHERE `id` = 'd5778510f82ca54a848f62a080b8e44b'"
DEBUG - 2011-11-22 07:16:17 --> [QUERY] Time run: 0.023565 seconds.
DEBUG - 2011-11-22 07:16:17 --> 
DEBUG - 2011-11-22 07:16:17 --> [QUERY] "UPDATE `sys_session` SET `uid` = '', `updated` = '2011-11-22 07:16:17' WHERE `id` = 'd5778510f82ca54a848f62a080b8e44b'"
DEBUG - 2011-11-22 07:16:17 --> [QUERY] Time run: 0.018070 seconds.
DEBUG - 2011-11-22 07:16:17 --> 
DEBUG - 2011-11-22 07:16:17 --> SHIN_Core loaded successfull.
DEBUG - 2011-11-22 07:16:18 --> [CORE] Try load config file: D:\Work\web\shinframework\shinfw\config\message.php
DEBUG - 2011-11-22 07:16:18 --> [SMARTY] Try processed file: D:\Work\web\shinframework\shinfw\views\login.tpl
