DEBUG - 2011-09-29 07:15:25 --> SHIN_Templater run is "shinfw"
DEBUG - 2011-09-29 07:15:25 --> [CORE] Try load config file: D:\Work\web\shinframework\shinfw\config\router.php
DEBUG - 2011-09-29 07:15:25 --> URI Class Initialized
DEBUG - 2011-09-29 07:15:25 --> [CORE] Try load config file: D:\Work\web\shinframework\shinfw\config\router.php
DEBUG - 2011-09-29 07:15:25 --> [ROUTER] Try route class: D:\Work\web\shinframework\default\app\StartController.php
DEBUG - 2011-09-29 07:15:25 --> Router Class Initialized.
DEBUG - 2011-09-29 07:15:25 --> [CORE] Try load config file: D:\Work\web\shinframework\shinfw\config\auth.php
DEBUG - 2011-09-29 07:15:25 --> [CORE] Try load config file: D:\Work\web\shinframework\shinfw\config\seo.php
DEBUG - 2011-09-29 07:15:26 --> Session Class Initialized
DEBUG - 2011-09-29 07:15:26 --> [CORE] Try load config file: D:\Work\web\shinframework\shinfw\config\session.php
DEBUG - 2011-09-29 07:15:26 --> Session routines successfully run
DEBUG - 2011-09-29 07:15:26 --> SHIN_Controller class initialized
DEBUG - 2011-09-29 07:15:26 --> [CORE] Try load config file: D:\Work\web\shinframework\shinfw\config\ddmenu.php
DEBUG - 2011-09-29 07:15:26 --> [QUERY] "delete from sys_session where updated < '2011-09-29 05:15:26'"
DEBUG - 2011-09-29 07:15:26 --> [QUERY] Time run: 0.123550 seconds.
DEBUG - 2011-09-29 07:15:26 --> 
DEBUG - 2011-09-29 07:15:26 --> [QUERY] "SELECT * FROM (`sys_session`) WHERE `id` = '2113d4a7904ad7965fb1221982700239'"
DEBUG - 2011-09-29 07:15:26 --> [QUERY] Time run: 0.003258 seconds.
DEBUG - 2011-09-29 07:15:26 --> 
DEBUG - 2011-09-29 07:15:26 --> [QUERY] "UPDATE `sys_session` SET `uid` = '', `updated` = '2011-09-29 07:15:26' WHERE `id` = '2113d4a7904ad7965fb1221982700239'"
DEBUG - 2011-09-29 07:15:26 --> [QUERY] Time run: 0.001357 seconds.
DEBUG - 2011-09-29 07:15:26 --> 
DEBUG - 2011-09-29 07:15:26 --> SHIN_Core loaded successfull.
DEBUG - 2011-09-29 07:15:26 --> [CORE] Try load config file: D:\Work\web\shinframework\shinfw\config\message.php
DEBUG - 2011-09-29 07:15:26 --> [SMARTY] Try processed file: D:\Work\web\shinframework\shinfw\views\login.tpl
