DEBUG - 2011-11-02 07:14:47 --> SHIN_Templater run is "shinfw"
DEBUG - 2011-11-02 07:14:47 --> [CORE] Try load config file: D:\Work\web\shinframework\shinfw\config\router.php
DEBUG - 2011-11-02 07:14:47 --> URI Class Initialized
DEBUG - 2011-11-02 07:14:47 --> [CORE] Try load config file: D:\Work\web\shinframework\shinfw\config\router.php
DEBUG - 2011-11-02 07:14:47 --> [ROUTER] Try route class: D:\Work\web\shinframework\default\app\StartController.php
DEBUG - 2011-11-02 07:14:47 --> Router Class Initialized.
DEBUG - 2011-11-02 07:14:47 --> [CORE] Try load config file: D:\Work\web\shinframework\shinfw\config\auth.php
DEBUG - 2011-11-02 07:14:47 --> [CORE] Try load config file: D:\Work\web\shinframework\shinfw\config\seo.php
DEBUG - 2011-11-02 07:14:47 --> Session Class Initialized
DEBUG - 2011-11-02 07:14:47 --> [CORE] Try load config file: D:\Work\web\shinframework\shinfw\config\session.php
DEBUG - 2011-11-02 07:14:47 --> Session routines successfully run
DEBUG - 2011-11-02 07:14:47 --> SHIN_Controller class initialized
DEBUG - 2011-11-02 07:14:47 --> [CORE] Try load config file: D:\Work\web\shinframework\shinfw\config\ddmenu.php
DEBUG - 2011-11-02 07:14:47 --> [QUERY] "delete from sys_session where updated < '2011-11-02 05:14:47'"
DEBUG - 2011-11-02 07:14:47 --> [QUERY] Time run: 0.198091 seconds.
DEBUG - 2011-11-02 07:14:47 --> 
DEBUG - 2011-11-02 07:14:47 --> [QUERY] "SELECT * FROM (`sys_session`) WHERE `id` = '3b1841839e43232f3efb0cac03da167c'"
DEBUG - 2011-11-02 07:14:47 --> [QUERY] Time run: 0.002513 seconds.
DEBUG - 2011-11-02 07:14:47 --> 
DEBUG - 2011-11-02 07:14:47 --> [QUERY] "UPDATE `sys_session` SET `uid` = '', `updated` = '2011-11-02 07:14:47' WHERE `id` = '3b1841839e43232f3efb0cac03da167c'"
DEBUG - 2011-11-02 07:14:47 --> [QUERY] Time run: 0.001109 seconds.
DEBUG - 2011-11-02 07:14:47 --> 
DEBUG - 2011-11-02 07:14:47 --> SHIN_Core loaded successfull.
DEBUG - 2011-11-02 07:14:48 --> [CORE] Try load config file: D:\Work\web\shinframework\shinfw\config\message.php
DEBUG - 2011-11-02 07:14:48 --> [SMARTY] Try processed file: D:\Work\web\shinframework\shinfw\views\login.tpl
