DEBUG - 2011-10-18 07:16:40 --> SHIN_Templater run is "shinfw"
DEBUG - 2011-10-18 07:16:40 --> [CORE] Try load config file: D:\Work\web\shinframework\shinfw\config\router.php
DEBUG - 2011-10-18 07:16:40 --> URI Class Initialized
DEBUG - 2011-10-18 07:16:40 --> [CORE] Try load config file: D:\Work\web\shinframework\shinfw\config\router.php
DEBUG - 2011-10-18 07:16:40 --> [ROUTER] Try route class: D:\Work\web\shinframework\default\app\StartController.php
DEBUG - 2011-10-18 07:16:40 --> Router Class Initialized.
DEBUG - 2011-10-18 07:16:40 --> [CORE] Try load config file: D:\Work\web\shinframework\shinfw\config\auth.php
DEBUG - 2011-10-18 07:16:41 --> [CORE] Try load config file: D:\Work\web\shinframework\shinfw\config\seo.php
DEBUG - 2011-10-18 07:16:41 --> Session Class Initialized
DEBUG - 2011-10-18 07:16:41 --> [CORE] Try load config file: D:\Work\web\shinframework\shinfw\config\session.php
DEBUG - 2011-10-18 07:16:41 --> Session routines successfully run
DEBUG - 2011-10-18 07:16:41 --> SHIN_Controller class initialized
DEBUG - 2011-10-18 07:16:41 --> [CORE] Try load config file: D:\Work\web\shinframework\shinfw\config\ddmenu.php
DEBUG - 2011-10-18 07:16:41 --> [QUERY] "delete from sys_session where updated < '2011-10-18 05:16:41'"
DEBUG - 2011-10-18 07:16:41 --> [QUERY] Time run: 0.195665 seconds.
DEBUG - 2011-10-18 07:16:41 --> 
DEBUG - 2011-10-18 07:16:41 --> [QUERY] "SELECT * FROM (`sys_session`) WHERE `id` = '5da58a795d631fde83ea48e0e2eba4ea'"
DEBUG - 2011-10-18 07:16:41 --> [QUERY] Time run: 0.001634 seconds.
DEBUG - 2011-10-18 07:16:41 --> 
DEBUG - 2011-10-18 07:16:41 --> [QUERY] "UPDATE `sys_session` SET `uid` = '', `updated` = '2011-10-18 07:16:41' WHERE `id` = '5da58a795d631fde83ea48e0e2eba4ea'"
DEBUG - 2011-10-18 07:16:41 --> [QUERY] Time run: 0.001644 seconds.
DEBUG - 2011-10-18 07:16:41 --> 
DEBUG - 2011-10-18 07:16:41 --> SHIN_Core loaded successfull.
DEBUG - 2011-10-18 07:16:42 --> [CORE] Try load config file: D:\Work\web\shinframework\shinfw\config\message.php
DEBUG - 2011-10-18 07:16:42 --> [SMARTY] Try processed file: D:\Work\web\shinframework\shinfw\views\login.tpl
