DEBUG - 2011-09-06 06:57:47 --> SHIN_Templater run is "shinfw"
DEBUG - 2011-09-06 06:57:47 --> [CORE] Try load config file: D:\Work\web\shinframework\shinfw\config\router.php
DEBUG - 2011-09-06 06:57:47 --> URI Class Initialized
DEBUG - 2011-09-06 06:57:47 --> [CORE] Try load config file: D:\Work\web\shinframework\shinfw\config\router.php
DEBUG - 2011-09-06 06:57:47 --> [ROUTER] Try route class: D:\Work\web\shinframework\default\app\StartController.php
DEBUG - 2011-09-06 06:57:47 --> Router Class Initialized.
DEBUG - 2011-09-06 06:57:48 --> [CORE] Try load config file: D:\Work\web\shinframework\shinfw\config\auth.php
DEBUG - 2011-09-06 06:57:48 --> [CORE] Try load config file: D:\Work\web\shinframework\shinfw\config\seo.php
DEBUG - 2011-09-06 06:57:48 --> Session Class Initialized
DEBUG - 2011-09-06 06:57:48 --> [CORE] Try load config file: D:\Work\web\shinframework\shinfw\config\session.php
DEBUG - 2011-09-06 06:57:48 --> Session routines successfully run
DEBUG - 2011-09-06 06:57:48 --> SHIN_Controller class initialized
DEBUG - 2011-09-06 06:57:48 --> [CORE] Try load config file: D:\Work\web\shinframework\shinfw\config\ddmenu.php
DEBUG - 2011-09-06 06:57:48 --> [QUERY] "delete from sys_session where updated < '2011-09-06 04:57:48'"
DEBUG - 2011-09-06 06:57:49 --> [QUERY] Time run: 0.321172 seconds.
DEBUG - 2011-09-06 06:57:49 --> 
DEBUG - 2011-09-06 06:57:49 --> [QUERY] "SELECT * FROM (`sys_session`) WHERE `id` = '4357e5e1f296c5d64983554ccafa8b02'"
DEBUG - 2011-09-06 06:57:49 --> [QUERY] Time run: 0.016931 seconds.
DEBUG - 2011-09-06 06:57:49 --> 
DEBUG - 2011-09-06 06:57:49 --> [QUERY] "UPDATE `sys_session` SET `uid` = '', `updated` = '2011-09-06 06:57:49' WHERE `id` = '4357e5e1f296c5d64983554ccafa8b02'"
DEBUG - 2011-09-06 06:57:49 --> [QUERY] Time run: 0.001630 seconds.
DEBUG - 2011-09-06 06:57:49 --> 
DEBUG - 2011-09-06 06:57:49 --> SHIN_Core loaded successfull.
DEBUG - 2011-09-06 06:57:49 --> SHIN_Templater run is "shinfw"
DEBUG - 2011-09-06 06:57:49 --> [CORE] Try load config file: D:\Work\web\shinframework\shinfw\config\router.php
DEBUG - 2011-09-06 06:57:49 --> URI Class Initialized
DEBUG - 2011-09-06 06:57:49 --> [CORE] Try load config file: D:\Work\web\shinframework\shinfw\config\router.php
DEBUG - 2011-09-06 06:57:49 --> [ROUTER] Try route class: D:\Work\web\shinframework\default\app\StartController.php
DEBUG - 2011-09-06 06:57:49 --> Router Class Initialized.
DEBUG - 2011-09-06 06:57:49 --> [CORE] Try load config file: D:\Work\web\shinframework\shinfw\config\auth.php
DEBUG - 2011-09-06 06:57:49 --> [CORE] Try load config file: D:\Work\web\shinframework\shinfw\config\seo.php
DEBUG - 2011-09-06 06:57:49 --> Session Class Initialized
DEBUG - 2011-09-06 06:57:49 --> [CORE] Try load config file: D:\Work\web\shinframework\shinfw\config\session.php
DEBUG - 2011-09-06 06:57:49 --> Session routines successfully run
DEBUG - 2011-09-06 06:57:49 --> SHIN_Controller class initialized
DEBUG - 2011-09-06 06:57:49 --> [CORE] Try load config file: D:\Work\web\shinframework\shinfw\config\message.php
DEBUG - 2011-09-06 06:57:49 --> [CORE] Try load config file: D:\Work\web\shinframework\shinfw\config\ddmenu.php
DEBUG - 2011-09-06 06:57:49 --> [QUERY] "delete from sys_session where updated < '2011-09-06 04:57:49'"
DEBUG - 2011-09-06 06:57:49 --> [QUERY] Time run: 0.001465 seconds.
DEBUG - 2011-09-06 06:57:49 --> 
DEBUG - 2011-09-06 06:57:49 --> [QUERY] "SELECT * FROM (`sys_session`) WHERE `id` = '73628fee9981125263c36fcc696b83f1'"
DEBUG - 2011-09-06 06:57:49 --> [QUERY] Time run: 0.001734 seconds.
DEBUG - 2011-09-06 06:57:49 --> 
DEBUG - 2011-09-06 06:57:49 --> [QUERY] "UPDATE `sys_session` SET `uid` = '', `updated` = '2011-09-06 06:57:49' WHERE `id` = '73628fee9981125263c36fcc696b83f1'"
DEBUG - 2011-09-06 06:57:49 --> [QUERY] Time run: 0.001475 seconds.
DEBUG - 2011-09-06 06:57:49 --> 
DEBUG - 2011-09-06 06:57:49 --> SHIN_Core loaded successfull.
DEBUG - 2011-09-06 06:57:49 --> [CORE] Try load config file: D:\Work\web\shinframework\shinfw\config\message.php
DEBUG - 2011-09-06 06:57:49 --> [SMARTY] Try processed file: D:\Work\web\shinframework\shinfw\views\login.tpl
DEBUG - 2011-09-06 06:57:49 --> [SMARTY] Try processed file: D:\Work\web\shinframework\shinfw\views\login.tpl
