DEBUG - 2011-10-21 07:16:55 --> SHIN_Templater run is "shinfw"
DEBUG - 2011-10-21 07:16:56 --> [CORE] Try load config file: D:\Work\web\shinframework\shinfw\config\router.php
DEBUG - 2011-10-21 07:16:56 --> URI Class Initialized
DEBUG - 2011-10-21 07:16:56 --> [CORE] Try load config file: D:\Work\web\shinframework\shinfw\config\router.php
DEBUG - 2011-10-21 07:16:56 --> [ROUTER] Try route class: D:\Work\web\shinframework\default\app\StartController.php
DEBUG - 2011-10-21 07:16:56 --> Router Class Initialized.
DEBUG - 2011-10-21 07:16:56 --> [CORE] Try load config file: D:\Work\web\shinframework\shinfw\config\auth.php
DEBUG - 2011-10-21 07:16:56 --> [CORE] Try load config file: D:\Work\web\shinframework\shinfw\config\seo.php
DEBUG - 2011-10-21 07:16:56 --> Session Class Initialized
DEBUG - 2011-10-21 07:16:56 --> [CORE] Try load config file: D:\Work\web\shinframework\shinfw\config\session.php
DEBUG - 2011-10-21 07:16:56 --> Session routines successfully run
DEBUG - 2011-10-21 07:16:56 --> SHIN_Controller class initialized
DEBUG - 2011-10-21 07:16:56 --> [CORE] Try load config file: D:\Work\web\shinframework\shinfw\config\ddmenu.php
DEBUG - 2011-10-21 07:16:56 --> [QUERY] "delete from sys_session where updated < '2011-10-21 05:16:56'"
DEBUG - 2011-10-21 07:16:56 --> [QUERY] Time run: 0.160416 seconds.
DEBUG - 2011-10-21 07:16:56 --> 
DEBUG - 2011-10-21 07:16:56 --> [QUERY] "SELECT * FROM (`sys_session`) WHERE `id` = '5607ee82e5a371a04041eba4991045e0'"
DEBUG - 2011-10-21 07:16:56 --> [QUERY] Time run: 0.015820 seconds.
DEBUG - 2011-10-21 07:16:56 --> 
DEBUG - 2011-10-21 07:16:56 --> [QUERY] "UPDATE `sys_session` SET `uid` = '', `updated` = '2011-10-21 07:16:56' WHERE `id` = '5607ee82e5a371a04041eba4991045e0'"
DEBUG - 2011-10-21 07:16:56 --> [QUERY] Time run: 0.001788 seconds.
DEBUG - 2011-10-21 07:16:56 --> 
DEBUG - 2011-10-21 07:16:56 --> SHIN_Core loaded successfull.
DEBUG - 2011-10-21 07:16:56 --> [CORE] Try load config file: D:\Work\web\shinframework\shinfw\config\message.php
DEBUG - 2011-10-21 07:16:56 --> [SMARTY] Try processed file: D:\Work\web\shinframework\shinfw\views\login.tpl
