DEBUG - 2012-01-17 14:49:00 --> SHIN_Templater run is "shinfw"
DEBUG - 2012-01-17 14:49:00 --> [CORE] Try load config file: D:\Work\web\shinframework\shinfw\config\router.php
DEBUG - 2012-01-17 14:49:00 --> URI Class Initialized
DEBUG - 2012-01-17 14:49:00 --> [CORE] Try load config file: D:\Work\web\shinframework\shinfw\config\router.php
DEBUG - 2012-01-17 14:49:00 --> [ROUTER] Try route class: D:\Work\web\shinframework\default\app\StartController.php
DEBUG - 2012-01-17 14:49:00 --> Router Class Initialized.
DEBUG - 2012-01-17 14:49:00 --> [CORE] Try load config file: D:\Work\web\shinframework\shinfw\config\auth.php
DEBUG - 2012-01-17 14:49:01 --> [CORE] Try load config file: D:\Work\web\shinframework\shinfw\config\seo.php
DEBUG - 2012-01-17 14:49:01 --> Session Class Initialized
DEBUG - 2012-01-17 14:49:01 --> [CORE] Try load config file: D:\Work\web\shinframework\shinfw\config\session.php
DEBUG - 2012-01-17 14:49:01 --> Session routines successfully run
DEBUG - 2012-01-17 14:49:01 --> SHIN_Controller class initialized
DEBUG - 2012-01-17 14:49:01 --> [CORE] Try load config file: D:\Work\web\shinframework\shinfw\config\ddmenu.php
DEBUG - 2012-01-17 14:49:01 --> [QUERY] "delete from sys_session where updated < '2012-01-17 12:49:01'"
DEBUG - 2012-01-17 14:49:01 --> [QUERY] Time run: 0.211820 seconds.
DEBUG - 2012-01-17 14:49:01 --> 
DEBUG - 2012-01-17 14:49:01 --> [QUERY] "SELECT * FROM (`sys_session`) WHERE `id` = 'dd8fd547d45f553bbe4a6ad6fa617ac3'"
DEBUG - 2012-01-17 14:49:01 --> [QUERY] Time run: 0.001870 seconds.
DEBUG - 2012-01-17 14:49:01 --> 
DEBUG - 2012-01-17 14:49:01 --> [QUERY] "UPDATE `sys_session` SET `uid` = '', `updated` = '2012-01-17 14:49:01' WHERE `id` = 'dd8fd547d45f553bbe4a6ad6fa617ac3'"
DEBUG - 2012-01-17 14:49:01 --> [QUERY] Time run: 0.001549 seconds.
DEBUG - 2012-01-17 14:49:01 --> 
DEBUG - 2012-01-17 14:49:01 --> SHIN_Core loaded successfull.
DEBUG - 2012-01-17 14:49:01 --> [CORE] Try load config file: D:\Work\web\shinframework\shinfw\config\message.php
DEBUG - 2012-01-17 14:49:01 --> [SMARTY] Try processed file: D:\Work\web\shinframework\shinfw\views\login.tpl
