DEBUG - 2011-11-15 07:17:48 --> SHIN_Templater run is "shinfw"
DEBUG - 2011-11-15 07:17:48 --> [CORE] Try load config file: D:\Work\web\shinframework\shinfw\config\router.php
DEBUG - 2011-11-15 07:17:48 --> URI Class Initialized
DEBUG - 2011-11-15 07:17:48 --> [CORE] Try load config file: D:\Work\web\shinframework\shinfw\config\router.php
DEBUG - 2011-11-15 07:17:48 --> [ROUTER] Try route class: D:\Work\web\shinframework\default\app\StartController.php
DEBUG - 2011-11-15 07:17:48 --> Router Class Initialized.
DEBUG - 2011-11-15 07:17:48 --> [CORE] Try load config file: D:\Work\web\shinframework\shinfw\config\auth.php
DEBUG - 2011-11-15 07:17:48 --> [CORE] Try load config file: D:\Work\web\shinframework\shinfw\config\seo.php
DEBUG - 2011-11-15 07:17:48 --> Session Class Initialized
DEBUG - 2011-11-15 07:17:48 --> [CORE] Try load config file: D:\Work\web\shinframework\shinfw\config\session.php
DEBUG - 2011-11-15 07:17:48 --> Session routines successfully run
DEBUG - 2011-11-15 07:17:48 --> SHIN_Controller class initialized
DEBUG - 2011-11-15 07:17:48 --> [CORE] Try load config file: D:\Work\web\shinframework\shinfw\config\ddmenu.php
DEBUG - 2011-11-15 07:17:49 --> [QUERY] "delete from sys_session where updated < '2011-11-15 05:17:49'"
DEBUG - 2011-11-15 07:17:49 --> [QUERY] Time run: 0.140338 seconds.
DEBUG - 2011-11-15 07:17:49 --> 
DEBUG - 2011-11-15 07:17:49 --> [QUERY] "SELECT * FROM (`sys_session`) WHERE `id` = 'b93ff58b361641b1740c5210ac34a974'"
DEBUG - 2011-11-15 07:17:49 --> [QUERY] Time run: 0.003471 seconds.
DEBUG - 2011-11-15 07:17:49 --> 
DEBUG - 2011-11-15 07:17:49 --> [QUERY] "UPDATE `sys_session` SET `uid` = '', `updated` = '2011-11-15 07:17:49' WHERE `id` = 'b93ff58b361641b1740c5210ac34a974'"
DEBUG - 2011-11-15 07:17:49 --> [QUERY] Time run: 0.001702 seconds.
DEBUG - 2011-11-15 07:17:49 --> 
DEBUG - 2011-11-15 07:17:49 --> SHIN_Core loaded successfull.
DEBUG - 2011-11-15 07:17:49 --> [CORE] Try load config file: D:\Work\web\shinframework\shinfw\config\message.php
DEBUG - 2011-11-15 07:17:49 --> [SMARTY] Try processed file: D:\Work\web\shinframework\shinfw\views\login.tpl
