DEBUG - 2012-02-03 07:33:47 --> SHIN_Templater run is "shinfw"
DEBUG - 2012-02-03 07:33:47 --> [CORE] Try load config file: D:\Work\web\shinframework\shinfw\config\router.php
DEBUG - 2012-02-03 07:33:47 --> URI Class Initialized
DEBUG - 2012-02-03 07:33:47 --> [CORE] Try load config file: D:\Work\web\shinframework\shinfw\config\router.php
DEBUG - 2012-02-03 07:33:47 --> [ROUTER] Try route class: D:\Work\web\shinframework\default\app\StartController.php
DEBUG - 2012-02-03 07:33:47 --> Router Class Initialized.
DEBUG - 2012-02-03 07:33:48 --> [CORE] Try load config file: D:\Work\web\shinframework\shinfw\config\auth.php
DEBUG - 2012-02-03 07:33:48 --> [CORE] Try load config file: D:\Work\web\shinframework\shinfw\config\seo.php
DEBUG - 2012-02-03 07:33:48 --> Session Class Initialized
DEBUG - 2012-02-03 07:33:48 --> [CORE] Try load config file: D:\Work\web\shinframework\shinfw\config\session.php
DEBUG - 2012-02-03 07:33:48 --> Session routines successfully run
DEBUG - 2012-02-03 07:33:48 --> SHIN_Controller class initialized
DEBUG - 2012-02-03 07:33:48 --> [CORE] Try load config file: D:\Work\web\shinframework\shinfw\config\ddmenu.php
DEBUG - 2012-02-03 07:33:48 --> [QUERY] "delete from sys_session where updated < '2012-02-03 05:33:48'"
DEBUG - 2012-02-03 07:33:48 --> [QUERY] Time run: 0.075503 seconds.
DEBUG - 2012-02-03 07:33:48 --> 
DEBUG - 2012-02-03 07:33:48 --> [QUERY] "SELECT * FROM (`sys_session`) WHERE `id` = '6b3beba88fd076334171fbb587fdbb76'"
DEBUG - 2012-02-03 07:33:48 --> [QUERY] Time run: 0.002122 seconds.
DEBUG - 2012-02-03 07:33:48 --> 
DEBUG - 2012-02-03 07:33:48 --> [QUERY] "UPDATE `sys_session` SET `uid` = '', `updated` = '2012-02-03 07:33:48' WHERE `id` = '6b3beba88fd076334171fbb587fdbb76'"
DEBUG - 2012-02-03 07:33:48 --> [QUERY] Time run: 0.001120 seconds.
DEBUG - 2012-02-03 07:33:48 --> 
DEBUG - 2012-02-03 07:33:48 --> SHIN_Core loaded successfull.
DEBUG - 2012-02-03 07:33:48 --> [CORE] Try load config file: D:\Work\web\shinframework\shinfw\config\message.php
DEBUG - 2012-02-03 07:33:48 --> [SMARTY] Try processed file: D:\Work\web\shinframework\shinfw\views\login.tpl
