DEBUG - 2011-08-19 19:03:45 --> SHIN_Templater run is "shinfw"
DEBUG - 2011-08-19 19:03:45 --> [CORE] Try load config file: D:\Work\web\shinframework\shinfw\config\router.php
DEBUG - 2011-08-19 19:03:45 --> URI Class Initialized
DEBUG - 2011-08-19 19:03:45 --> [CORE] Try load config file: D:\Work\web\shinframework\shinfw\config\router.php
DEBUG - 2011-08-19 19:03:45 --> [ROUTER] Try route class: D:\Work\web\shinframework\default\app\StartController.php
DEBUG - 2011-08-19 19:03:46 --> Router Class Initialized.
DEBUG - 2011-08-19 19:03:46 --> [CORE] Try load config file: D:\Work\web\shinframework\shinfw\config\auth.php
DEBUG - 2011-08-19 19:03:46 --> [CORE] Try load config file: D:\Work\web\shinframework\shinfw\config\seo.php
DEBUG - 2011-08-19 19:03:46 --> Session Class Initialized
DEBUG - 2011-08-19 19:03:46 --> [CORE] Try load config file: D:\Work\web\shinframework\shinfw\config\session.php
DEBUG - 2011-08-19 19:03:46 --> Session routines successfully run
DEBUG - 2011-08-19 19:03:46 --> SHIN_Controller class initialized
DEBUG - 2011-08-19 19:03:47 --> [CORE] Try load config file: D:\Work\web\shinframework\shinfw\config\ddmenu.php
DEBUG - 2011-08-19 19:03:47 --> [QUERY] "delete from sys_session where updated < '2011-08-19 17:03:47'"
DEBUG - 2011-08-19 19:03:47 --> [QUERY] Time run: 0.151113 seconds.
DEBUG - 2011-08-19 19:03:47 --> 
DEBUG - 2011-08-19 19:03:47 --> [QUERY] "SELECT * FROM (`sys_session`) WHERE `id` = '9e5baa7cb219c8207422fa9f9c914e30'"
DEBUG - 2011-08-19 19:03:47 --> [QUERY] Time run: 0.022283 seconds.
DEBUG - 2011-08-19 19:03:47 --> 
DEBUG - 2011-08-19 19:03:47 --> [QUERY] "UPDATE `sys_session` SET `uid` = '', `updated` = '2011-08-19 19:03:47' WHERE `id` = '9e5baa7cb219c8207422fa9f9c914e30'"
DEBUG - 2011-08-19 19:03:47 --> [QUERY] Time run: 0.001835 seconds.
DEBUG - 2011-08-19 19:03:47 --> 
DEBUG - 2011-08-19 19:03:47 --> SHIN_Core loaded successfull.
DEBUG - 2011-08-19 19:03:47 --> [CORE] Try load config file: D:\Work\web\shinframework\shinfw\config\message.php
DEBUG - 2011-08-19 19:03:47 --> [SMARTY] Try processed file: D:\Work\web\shinframework\shinfw\views\login.tpl
