DEBUG - 2011-10-07 07:48:12 --> SHIN_Templater run is "shinfw"
DEBUG - 2011-10-07 07:48:12 --> [CORE] Try load config file: D:\Work\web\shinframework\shinfw\config\router.php
DEBUG - 2011-10-07 07:48:12 --> URI Class Initialized
DEBUG - 2011-10-07 07:48:12 --> [CORE] Try load config file: D:\Work\web\shinframework\shinfw\config\router.php
DEBUG - 2011-10-07 07:48:12 --> [ROUTER] Try route class: D:\Work\web\shinframework\default\app\StartController.php
DEBUG - 2011-10-07 07:48:12 --> Router Class Initialized.
DEBUG - 2011-10-07 07:48:12 --> [CORE] Try load config file: D:\Work\web\shinframework\shinfw\config\auth.php
DEBUG - 2011-10-07 07:48:12 --> [CORE] Try load config file: D:\Work\web\shinframework\shinfw\config\seo.php
DEBUG - 2011-10-07 07:48:13 --> Session Class Initialized
DEBUG - 2011-10-07 07:48:13 --> [CORE] Try load config file: D:\Work\web\shinframework\shinfw\config\session.php
DEBUG - 2011-10-07 07:48:13 --> Session routines successfully run
DEBUG - 2011-10-07 07:48:13 --> SHIN_Controller class initialized
DEBUG - 2011-10-07 07:48:13 --> [CORE] Try load config file: D:\Work\web\shinframework\shinfw\config\ddmenu.php
DEBUG - 2011-10-07 07:48:13 --> [QUERY] "delete from sys_session where updated < '2011-10-07 05:48:13'"
DEBUG - 2011-10-07 07:48:14 --> [QUERY] Time run: 0.585946 seconds.
DEBUG - 2011-10-07 07:48:14 --> 
DEBUG - 2011-10-07 07:48:14 --> [QUERY] "SELECT * FROM (`sys_session`) WHERE `id` = 'b57c8da0143ec45b24d70e9b3062f2d9'"
DEBUG - 2011-10-07 07:48:14 --> [QUERY] Time run: 0.041759 seconds.
DEBUG - 2011-10-07 07:48:14 --> 
DEBUG - 2011-10-07 07:48:14 --> [QUERY] "UPDATE `sys_session` SET `uid` = '', `updated` = '2011-10-07 07:48:14' WHERE `id` = 'b57c8da0143ec45b24d70e9b3062f2d9'"
DEBUG - 2011-10-07 07:48:14 --> [QUERY] Time run: 0.040675 seconds.
DEBUG - 2011-10-07 07:48:14 --> 
DEBUG - 2011-10-07 07:48:14 --> SHIN_Core loaded successfull.
DEBUG - 2011-10-07 07:48:14 --> [CORE] Try load config file: D:\Work\web\shinframework\shinfw\config\message.php
DEBUG - 2011-10-07 07:48:14 --> [SMARTY] Try processed file: D:\Work\web\shinframework\shinfw\views\login.tpl
