DEBUG - 2011-09-23 07:09:39 --> SHIN_Templater run is "shinfw"
DEBUG - 2011-09-23 07:09:39 --> [CORE] Try load config file: D:\Work\web\shinframework\shinfw\config\router.php
DEBUG - 2011-09-23 07:09:40 --> URI Class Initialized
DEBUG - 2011-09-23 07:09:40 --> [CORE] Try load config file: D:\Work\web\shinframework\shinfw\config\router.php
DEBUG - 2011-09-23 07:09:40 --> [ROUTER] Try route class: D:\Work\web\shinframework\default\app\StartController.php
DEBUG - 2011-09-23 07:09:40 --> Router Class Initialized.
DEBUG - 2011-09-23 07:09:40 --> [CORE] Try load config file: D:\Work\web\shinframework\shinfw\config\auth.php
DEBUG - 2011-09-23 07:09:40 --> [CORE] Try load config file: D:\Work\web\shinframework\shinfw\config\seo.php
DEBUG - 2011-09-23 07:09:40 --> Session Class Initialized
DEBUG - 2011-09-23 07:09:40 --> [CORE] Try load config file: D:\Work\web\shinframework\shinfw\config\session.php
DEBUG - 2011-09-23 07:09:40 --> Session routines successfully run
DEBUG - 2011-09-23 07:09:40 --> SHIN_Controller class initialized
DEBUG - 2011-09-23 07:09:40 --> [CORE] Try load config file: D:\Work\web\shinframework\shinfw\config\ddmenu.php
DEBUG - 2011-09-23 07:09:40 --> [QUERY] "delete from sys_session where updated < '2011-09-23 05:09:40'"
DEBUG - 2011-09-23 07:09:40 --> [QUERY] Time run: 0.220334 seconds.
DEBUG - 2011-09-23 07:09:40 --> 
DEBUG - 2011-09-23 07:09:40 --> [QUERY] "SELECT * FROM (`sys_session`) WHERE `id` = '41682a3f15bf53817df94c03236075b7'"
DEBUG - 2011-09-23 07:09:40 --> [QUERY] Time run: 0.003172 seconds.
DEBUG - 2011-09-23 07:09:40 --> 
DEBUG - 2011-09-23 07:09:40 --> [QUERY] "UPDATE `sys_session` SET `uid` = '', `updated` = '2011-09-23 07:09:40' WHERE `id` = '41682a3f15bf53817df94c03236075b7'"
DEBUG - 2011-09-23 07:09:40 --> [QUERY] Time run: 0.001504 seconds.
DEBUG - 2011-09-23 07:09:40 --> 
DEBUG - 2011-09-23 07:09:40 --> SHIN_Core loaded successfull.
DEBUG - 2011-09-23 07:09:40 --> [CORE] Try load config file: D:\Work\web\shinframework\shinfw\config\message.php
DEBUG - 2011-09-23 07:09:40 --> [SMARTY] Try processed file: D:\Work\web\shinframework\shinfw\views\login.tpl
